{"C:\\Users\\Patri\\Documents\\practicas\\citas\\citas-front\\src\\App.vue": {"path":"C:\\Users\\Patri\\Documents\\practicas\\citas\\citas-front\\src\\App.vue","statementMap":{"0":{"start":{"line":5,"column":0},"end":{"line":11,"column":1}},"1":{"start":{"line":8,"column":2},"end":{"line":10,"column":4}},"2":{"start":{"line":12,"column":0},"end":{"line":14,"column":3}},"3":{"start":{"line":15,"column":12},"end":{"line":15,"column":26}},"4":{"start":{"line":16,"column":19},"end":{"line":16,"column":70}},"5":{"start":{"line":17,"column":20},"end":{"line":17,"column":72}},"6":{"start":{"line":18,"column":0},"end":{"line":33,"column":3}},"7":{"start":{"line":21,"column":19},"end":{"line":21,"column":28}},"8":{"start":{"line":22,"column":4},"end":{"line":22,"column":15}},"9":{"start":{"line":23,"column":23},"end":{"line":26,"column":5}},"10":{"start":{"line":27,"column":4},"end":{"line":30,"column":7}},"11":{"start":{"line":31,"column":4},"end":{"line":31,"column":24}},"12":{"start":{"line":35,"column":0},"end":{"line":35,"column":62}},"13":{"start":{"line":36,"column":0},"end":{"line":36,"column":24}},"14":{"start":{"line":37,"column":12},"end":{"line":37,"column":26}},"15":{"start":{"line":39,"column":33},"end":{"line":39,"column":75}},"16":{"start":{"line":40,"column":4},"end":{"line":46,"column":34}},"17":{"start":{"line":48,"column":0},"end":{"line":48,"column":24}},"18":{"start":{"line":49,"column":1},"end":{"line":49,"column":48}}},"fnMap":{"0":{"name":"(anonymous_0)","decl":{"start":{"line":7,"column":28},"end":{"line":7,"column":29}},"loc":{"start":{"line":7,"column":43},"end":{"line":11,"column":1}},"line":7},"1":{"name":"(anonymous_1)","decl":{"start":{"line":20,"column":9},"end":{"line":20,"column":10}},"loc":{"start":{"line":20,"column":32},"end":{"line":32,"column":3}},"line":20},"2":{"name":"render","decl":{"start":{"line":38,"column":9},"end":{"line":38,"column":15}},"loc":{"start":{"line":38,"column":63},"end":{"line":47,"column":1}},"line":38}},"branchMap":{"0":{"loc":{"start":{"line":5,"column":0},"end":{"line":11,"column":1}},"type":"binary-expr","locations":[{"start":{"line":5,"column":0},"end":{"line":5,"column":6}},{"start":{"line":7,"column":28},"end":{"line":11,"column":1}}],"line":5},"1":{"loc":{"start":{"line":8,"column":9},"end":{"line":10,"column":3}},"type":"cond-expr","locations":[{"start":{"line":8,"column":33},"end":{"line":8,"column":36}},{"start":{"line":8,"column":39},"end":{"line":10,"column":3}}],"line":8},"2":{"loc":{"start":{"line":8,"column":9},"end":{"line":8,"column":30}},"type":"binary-expr","locations":[{"start":{"line":8,"column":9},"end":{"line":8,"column":12}},{"start":{"line":8,"column":16},"end":{"line":8,"column":30}}],"line":8}},"s":{"0":1,"1":2,"2":1,"3":1,"4":1,"5":1,"6":1,"7":1,"8":1,"9":1,"10":1,"11":1,"12":1,"13":1,"14":1,"15":1,"16":1,"17":1,"18":1},"f":{"0":2,"1":1,"2":1},"b":{"0":[1,1],"1":[2,0],"2":[2,2]},"inputSourceMap":{"0":"{","1":"\"","2":"v","3":"e","4":"r","5":"s","6":"i","7":"o","8":"n","9":"\"","10":":","11":"3","12":",","13":"\"","14":"s","15":"o","16":"u","17":"r","18":"c","19":"e","20":"s","21":"\"","22":":","23":"[","24":"\"","25":"C","26":":","27":"/","28":"U","29":"s","30":"e","31":"r","32":"s","33":"/","34":"P","35":"a","36":"t","37":"r","38":"i","39":"/","40":"D","41":"o","42":"c","43":"u","44":"m","45":"e","46":"n","47":"t","48":"s","49":"/","50":"p","51":"r","52":"a","53":"c","54":"t","55":"i","56":"c","57":"a","58":"s","59":"/","60":"c","61":"i","62":"t","63":"a","64":"s","65":"/","66":"c","67":"i","68":"t","69":"a","70":"s","71":"-","72":"f","73":"r","74":"o","75":"n","76":"t","77":"/","78":"s","79":"r","80":"c","81":"/","82":"A","83":"p","84":"p","85":".","86":"v","87":"u","88":"e","89":"\"","90":"]","91":",","92":"\"","93":"n","94":"a","95":"m","96":"e","97":"s","98":"\"","99":":","100":"[","101":"]","102":",","103":"\"","104":"m","105":"a","106":"p","107":"p","108":"i","109":"n","110":"g","111":"s","112":"\"","113":":","114":"\"","115":";","116":";","117":";","118":";","119":";","120":";","121":";","122":";","123":";","124":";","125":";","126":";","127":";","128":";","129":";","130":"A","131":"A","132":"Q","133":"A","134":";","135":"A","136":"A","137":"C","138":"A","139":"\"","140":",","141":"\"","142":"f","143":"i","144":"l","145":"e","146":"\"","147":":","148":"\"","149":"C","150":":","151":"\\","152":"\\","153":"U","154":"s","155":"e","156":"r","157":"s","158":"\\","159":"\\","160":"P","161":"a","162":"t","163":"r","164":"i","165":"\\","166":"\\","167":"D","168":"o","169":"c","170":"u","171":"m","172":"e","173":"n","174":"t","175":"s","176":"\\","177":"\\","178":"p","179":"r","180":"a","181":"c","182":"t","183":"i","184":"c","185":"a","186":"s","187":"\\","188":"\\","189":"c","190":"i","191":"t","192":"a","193":"s","194":"\\","195":"\\","196":"c","197":"i","198":"t","199":"a","200":"s","201":"-","202":"f","203":"r","204":"o","205":"n","206":"t","207":"\\","208":"\\","209":"s","210":"r","211":"c","212":"\\","213":"\\","214":"A","215":"p","216":"p","217":".","218":"v","219":"u","220":"e","221":"\"","222":",","223":"\"","224":"s","225":"o","226":"u","227":"r","228":"c","229":"e","230":"s","231":"C","232":"o","233":"n","234":"t","235":"e","236":"n","237":"t","238":"\"","239":":","240":"[","241":"\"","242":"<","243":"t","244":"e","245":"m","246":"p","247":"l","248":"a","249":"t","250":"e","251":">","252":"\\","253":"n","254":" ","255":" ","256":"<","257":"N","258":"a","259":"v","260":"B","261":"a","262":"r","263":" ","264":"/","265":">","266":"\\","267":"n","268":" ","269":" ","270":"<","271":"m","272":"a","273":"i","274":"n","275":">","276":"\\","277":"n","278":" ","279":" ","280":" ","281":" ","282":"<","283":"S","284":"i","285":"d","286":"e","287":"B","288":"a","289":"r","290":" ","291":"/","292":">","293":"\\","294":"n","295":" ","296":" ","297":" ","298":" ","299":"<","300":"r","301":"o","302":"u","303":"t","304":"e","305":"r","306":"-","307":"v","308":"i","309":"e","310":"w","311":" ","312":"/","313":">","314":"\\","315":"n","316":" ","317":" ","318":"<","319":"/","320":"m","321":"a","322":"i","323":"n","324":">","325":"\\","326":"n","327":"<","328":"/","329":"t","330":"e","331":"m","332":"p","333":"l","334":"a","335":"t","336":"e","337":">","338":"\\","339":"n","340":"<","341":"s","342":"c","343":"r","344":"i","345":"p","346":"t","347":" ","348":"l","349":"a","350":"n","351":"g","352":"=","353":"\\","354":"\"","355":"t","356":"s","357":"\\","358":"\"","359":" ","360":"s","361":"e","362":"t","363":"u","364":"p","365":">","366":"\\","367":"n","368":"i","369":"m","370":"p","371":"o","372":"r","373":"t","374":" ","375":"N","376":"a","377":"v","378":"B","379":"a","380":"r","381":" ","382":"f","383":"r","384":"o","385":"m","386":" ","387":"'","388":"@","389":"/","390":"c","391":"o","392":"m","393":"p","394":"o","395":"n","396":"e","397":"n","398":"t","399":"s","400":"/","401":"N","402":"a","403":"v","404":"B","405":"a","406":"r","407":".","408":"v","409":"u","410":"e","411":"'","412":";","413":"\\","414":"n","415":"i","416":"m","417":"p","418":"o","419":"r","420":"t","421":" ","422":"S","423":"i","424":"d","425":"e","426":"B","427":"a","428":"r","429":" ","430":"f","431":"r","432":"o","433":"m","434":" ","435":"'","436":"@","437":"/","438":"c","439":"o","440":"m","441":"p","442":"o","443":"n","444":"e","445":"n","446":"t","447":"s","448":"/","449":"S","450":"i","451":"d","452":"e","453":"B","454":"a","455":"r","456":".","457":"v","458":"u","459":"e","460":"'","461":";","462":"\\","463":"n","464":"\\","465":"n","466":"<","467":"/","468":"s","469":"c","470":"r","471":"i","472":"p","473":"t","474":">","475":"\\","476":"n","477":"<","478":"s","479":"t","480":"y","481":"l","482":"e","483":">","484":"\\","485":"n","486":"@","487":"i","488":"m","489":"p","490":"o","491":"r","492":"t","493":" ","494":"u","495":"r","496":"l","497":"(","498":"'","499":"h","500":"t","501":"t","502":"p","503":"s","504":":","505":"/","506":"/","507":"f","508":"o","509":"n","510":"t","511":"s","512":".","513":"g","514":"o","515":"o","516":"g","517":"l","518":"e","519":"a","520":"p","521":"i","522":"s","523":".","524":"c","525":"o","526":"m","527":"/","528":"c","529":"s","530":"s","531":"2","532":"?","533":"f","534":"a","535":"m","536":"i","537":"l","538":"y","539":"=","540":"T","541":"i","542":"t","543":"i","544":"l","545":"l","546":"i","547":"u","548":"m","549":"+","550":"W","551":"e","552":"b","553":":","554":"i","555":"t","556":"a","557":"l","558":",","559":"w","560":"g","561":"h","562":"t","563":"@","564":"0","565":",","566":"2","567":"0","568":"0","569":";","570":"0","571":",","572":"3","573":"0","574":"0","575":";","576":"0","577":",","578":"4","579":"0","580":"0","581":";","582":"0","583":",","584":"6","585":"0","586":"0","587":";","588":"0","589":",","590":"7","591":"0","592":"0","593":";","594":"0","595":",","596":"9","597":"0","598":"0","599":";","600":"1","601":",","602":"2","603":"0","604":"0","605":";","606":"1","607":",","608":"3","609":"0","610":"0","611":";","612":"1","613":",","614":"4","615":"0","616":"0","617":";","618":"1","619":",","620":"6","621":"0","622":"0","623":";","624":"1","625":",","626":"7","627":"0","628":"0","629":"&","630":"d","631":"i","632":"s","633":"p","634":"l","635":"a","636":"y","637":"=","638":"s","639":"w","640":"a","641":"p","642":"'","643":")","644":";","645":"\\","646":"n","647":"\\","648":"n","649":"#","650":"a","651":"p","652":"p","653":" ","654":"{","655":"\\","656":"n","657":" ","658":" ","659":"f","660":"o","661":"n","662":"t","663":"-","664":"f","665":"a","666":"m","667":"i","668":"l","669":"y","670":":","671":" ","672":"'","673":"T","674":"i","675":"t","676":"i","677":"l","678":"l","679":"i","680":"u","681":"m","682":" ","683":"W","684":"e","685":"b","686":"'","687":",","688":" ","689":"H","690":"e","691":"l","692":"v","693":"e","694":"t","695":"i","696":"c","697":"a","698":",","699":" ","700":"A","701":"r","702":"i","703":"a","704":"l","705":",","706":" ","707":"s","708":"a","709":"n","710":"s","711":"-","712":"s","713":"e","714":"r","715":"i","716":"f","717":";","718":"\\","719":"n","720":" ","721":" ","722":"-","723":"w","724":"e","725":"b","726":"k","727":"i","728":"t","729":"-","730":"f","731":"o","732":"n","733":"t","734":"-","735":"s","736":"m","737":"o","738":"o","739":"t","740":"h","741":"i","742":"n","743":"g","744":":","745":" ","746":"a","747":"n","748":"t","749":"i","750":"a","751":"l","752":"i","753":"a","754":"s","755":"e","756":"d","757":";","758":"\\","759":"n","760":" ","761":" ","762":"-","763":"m","764":"o","765":"z","766":"-","767":"o","768":"s","769":"x","770":"-","771":"f","772":"o","773":"n","774":"t","775":"-","776":"s","777":"m","778":"o","779":"o","780":"t","781":"h","782":"i","783":"n","784":"g","785":":","786":" ","787":"g","788":"r","789":"a","790":"y","791":"s","792":"c","793":"a","794":"l","795":"e","796":";","797":"\\","798":"n","799":" ","800":" ","801":"t","802":"e","803":"x","804":"t","805":"-","806":"a","807":"l","808":"i","809":"g","810":"n","811":":","812":" ","813":"c","814":"e","815":"n","816":"t","817":"e","818":"r","819":";","820":"\\","821":"n","822":" ","823":" ","824":"c","825":"o","826":"l","827":"o","828":"r","829":":","830":" ","831":"#","832":"2","833":"c","834":"3","835":"e","836":"5","837":"0","838":";","839":"\\","840":"n","841":"}","842":"\\","843":"n","844":"\\","845":"n","846":"@","847":"m","848":"e","849":"d","850":"i","851":"a","852":" ","853":"(","854":"m","855":"i","856":"n","857":"-","858":"w","859":"i","860":"d","861":"t","862":"h","863":":","864":"7","865":"2","866":"0","867":"p","868":"x","869":")","870":" ","871":"{","872":"\\","873":"n","874":" ","875":" ","876":"m","877":"a","878":"i","879":"n","880":" ","881":"{","882":"\\","883":"n","884":" ","885":" ","886":" ","887":" ","888":"d","889":"i","890":"s","891":"p","892":"l","893":"a","894":"y","895":":","896":" ","897":"g","898":"r","899":"i","900":"d","901":";","902":"\\","903":"n","904":" ","905":" ","906":" ","907":" ","908":"g","909":"r","910":"i","911":"d","912":"-","913":"t","914":"e","915":"m","916":"p","917":"l","918":"a","919":"t","920":"e","921":"-","922":"c","923":"o","924":"l","925":"u","926":"m","927":"n","928":"s","929":":","930":" ","931":"2","932":"0","933":"0","934":"p","935":"x","936":" ","937":"1","938":"f","939":"r","940":";","941":"\\","942":"n","943":" ","944":" ","945":"}","946":"\\","947":"n","948":"}","949":"\\","950":"n","951":"\\","952":"n","953":"n","954":"a","955":"v","956":" ","957":"{","958":"\\","959":"n","960":" ","961":" ","962":"p","963":"a","964":"d","965":"d","966":"i","967":"n","968":"g","969":":","970":" ","971":"3","972":"0","973":"p","974":"x","975":";","976":"\\","977":"n","978":"}","979":"\\","980":"n","981":"\\","982":"n","983":"n","984":"a","985":"v","986":" ","987":"a","988":" ","989":"{","990":"\\","991":"n","992":" ","993":" ","994":"f","995":"o","996":"n","997":"t","998":"-","999":"w","1000":"e","1001":"i","1002":"g","1003":"h","1004":"t","1005":":","1006":" ","1007":"b","1008":"o","1009":"l","1010":"d","1011":";","1012":"\\","1013":"n","1014":" ","1015":" ","1016":"c","1017":"o","1018":"l","1019":"o","1020":"r","1021":":","1022":" ","1023":"#","1024":"2","1025":"c","1026":"3","1027":"e","1028":"5","1029":"0","1030":";","1031":"\\","1032":"n","1033":"}","1034":"\\","1035":"n","1036":"\\","1037":"n","1038":"n","1039":"a","1040":"v","1041":" ","1042":"a","1043":".","1044":"r","1045":"o","1046":"u","1047":"t","1048":"e","1049":"r","1050":"-","1051":"l","1052":"i","1053":"n","1054":"k","1055":"-","1056":"e","1057":"x","1058":"a","1059":"c","1060":"t","1061":"-","1062":"a","1063":"c","1064":"t","1065":"i","1066":"v","1067":"e","1068":" ","1069":"{","1070":"\\","1071":"n","1072":" ","1073":" ","1074":"c","1075":"o","1076":"l","1077":"o","1078":"r","1079":":","1080":" ","1081":"#","1082":"4","1083":"2","1084":"b","1085":"9","1086":"8","1087":"3","1088":";","1089":"\\","1090":"n","1091":"}","1092":"\\","1093":"n","1094":"<","1095":"/","1096":"s","1097":"t","1098":"y","1099":"l","1100":"e","1101":">","1102":"\\","1103":"n","1104":"\"","1105":"]","1106":"}"},"_coverageSchema":"1a1c01bbd47fc00a2c39e90264f33305004495a9","hash":"7a17d8c86e2db36e68ed5db632bd1cbeb4ca51c0"}
,"C:\\Users\\Patri\\Documents\\practicas\\citas\\citas-front\\src\\components\\ListCitas.vue": {"path":"C:\\Users\\Patri\\Documents\\practicas\\citas\\citas-front\\src\\components\\ListCitas.vue","statementMap":{"0":{"start":{"line":5,"column":0},"end":{"line":33,"column":1}},"1":{"start":{"line":9,"column":4},"end":{"line":11,"column":7}},"2":{"start":{"line":10,"column":6},"end":{"line":10,"column":21}},"3":{"start":{"line":13,"column":2},"end":{"line":32,"column":5}},"4":{"start":{"line":15,"column":6},"end":{"line":19,"column":7}},"5":{"start":{"line":16,"column":8},"end":{"line":16,"column":36}},"6":{"start":{"line":18,"column":8},"end":{"line":18,"column":18}},"7":{"start":{"line":22,"column":6},"end":{"line":26,"column":7}},"8":{"start":{"line":23,"column":8},"end":{"line":23,"column":40}},"9":{"start":{"line":25,"column":8},"end":{"line":25,"column":18}},"10":{"start":{"line":29,"column":6},"end":{"line":29,"column":90}},"11":{"start":{"line":31,"column":4},"end":{"line":31,"column":74}},"12":{"start":{"line":36,"column":0},"end":{"line":125,"column":1}},"13":{"start":{"line":39,"column":10},"end":{"line":47,"column":5}},"14":{"start":{"line":42,"column":8},"end":{"line":42,"column":33}},"15":{"start":{"line":42,"column":22},"end":{"line":42,"column":33}},"16":{"start":{"line":43,"column":8},"end":{"line":43,"column":20}},"17":{"start":{"line":52,"column":2},"end":{"line":58,"column":8}},"18":{"start":{"line":57,"column":4},"end":{"line":57,"column":16}},"19":{"start":{"line":60,"column":4},"end":{"line":62,"column":6}},"20":{"start":{"line":61,"column":6},"end":{"line":61,"column":26}},"21":{"start":{"line":65,"column":4},"end":{"line":65,"column":66}},"22":{"start":{"line":65,"column":11},"end":{"line":65,"column":66}},"23":{"start":{"line":66,"column":4},"end":{"line":118,"column":5}},"24":{"start":{"line":66,"column":14},"end":{"line":118,"column":5}},"25":{"start":{"line":67,"column":6},"end":{"line":67,"column":163}},"26":{"start":{"line":67,"column":154},"end":{"line":67,"column":163}},"27":{"start":{"line":68,"column":6},"end":{"line":68,"column":46}},"28":{"start":{"line":68,"column":20},"end":{"line":68,"column":46}},"29":{"start":{"line":69,"column":6},"end":{"line":111,"column":7}},"30":{"start":{"line":72,"column":10},"end":{"line":72,"column":17}},"31":{"start":{"line":73,"column":10},"end":{"line":73,"column":16}},"32":{"start":{"line":75,"column":10},"end":{"line":75,"column":20}},"33":{"start":{"line":76,"column":10},"end":{"line":79,"column":12}},"34":{"start":{"line":81,"column":10},"end":{"line":81,"column":20}},"35":{"start":{"line":82,"column":10},"end":{"line":82,"column":20}},"36":{"start":{"line":83,"column":10},"end":{"line":83,"column":19}},"37":{"start":{"line":84,"column":10},"end":{"line":84,"column":19}},"38":{"start":{"line":86,"column":10},"end":{"line":86,"column":27}},"39":{"start":{"line":87,"column":10},"end":{"line":87,"column":23}},"40":{"start":{"line":88,"column":10},"end":{"line":88,"column":19}},"41":{"start":{"line":90,"column":10},"end":{"line":93,"column":11}},"42":{"start":{"line":91,"column":12},"end":{"line":91,"column":18}},"43":{"start":{"line":92,"column":12},"end":{"line":92,"column":21}},"44":{"start":{"line":94,"column":10},"end":{"line":97,"column":11}},"45":{"start":{"line":95,"column":12},"end":{"line":95,"column":28}},"46":{"start":{"line":96,"column":12},"end":{"line":96,"column":18}},"47":{"start":{"line":98,"column":10},"end":{"line":102,"column":11}},"48":{"start":{"line":99,"column":12},"end":{"line":99,"column":27}},"49":{"start":{"line":100,"column":12},"end":{"line":100,"column":19}},"50":{"start":{"line":101,"column":12},"end":{"line":101,"column":18}},"51":{"start":{"line":103,"column":10},"end":{"line":107,"column":11}},"52":{"start":{"line":104,"column":12},"end":{"line":104,"column":27}},"53":{"start":{"line":105,"column":12},"end":{"line":105,"column":27}},"54":{"start":{"line":106,"column":12},"end":{"line":106,"column":18}},"55":{"start":{"line":108,"column":10},"end":{"line":108,"column":32}},"56":{"start":{"line":108,"column":20},"end":{"line":108,"column":32}},"57":{"start":{"line":109,"column":10},"end":{"line":109,"column":23}},"58":{"start":{"line":110,"column":10},"end":{"line":110,"column":19}},"59":{"start":{"line":112,"column":6},"end":{"line":112,"column":33}},"60":{"start":{"line":114,"column":6},"end":{"line":114,"column":18}},"61":{"start":{"line":115,"column":6},"end":{"line":115,"column":12}},"62":{"start":{"line":117,"column":6},"end":{"line":117,"column":16}},"63":{"start":{"line":119,"column":4},"end":{"line":119,"column":31}},"64":{"start":{"line":119,"column":19},"end":{"line":119,"column":31}},"65":{"start":{"line":120,"column":4},"end":{"line":123,"column":6}},"66":{"start":{"line":128,"column":0},"end":{"line":134,"column":1}},"67":{"start":{"line":131,"column":2},"end":{"line":133,"column":4}},"68":{"start":{"line":135,"column":0},"end":{"line":137,"column":3}},"69":{"start":{"line":138,"column":21},"end":{"line":138,"column":72}},"70":{"start":{"line":139,"column":12},"end":{"line":139,"column":26}},"71":{"start":{"line":140,"column":0},"end":{"line":204,"column":2}},"72":{"start":{"line":143,"column":16},"end":{"line":143,"column":20}},"73":{"start":{"line":144,"column":18},"end":{"line":144,"column":46}},"74":{"start":{"line":145,"column":16},"end":{"line":145,"column":34}},"75":{"start":{"line":147,"column":4},"end":{"line":161,"column":7}},"76":{"start":{"line":148,"column":6},"end":{"line":160,"column":9}},"77":{"start":{"line":150,"column":8},"end":{"line":159,"column":11}},"78":{"start":{"line":151,"column":10},"end":{"line":158,"column":11}},"79":{"start":{"line":153,"column":14},"end":{"line":153,"column":57}},"80":{"start":{"line":155,"column":14},"end":{"line":155,"column":39}},"81":{"start":{"line":156,"column":14},"end":{"line":156,"column":41}},"82":{"start":{"line":157,"column":14},"end":{"line":157,"column":36}},"83":{"start":{"line":164,"column":6},"end":{"line":170,"column":32}},"84":{"start":{"line":173,"column":23},"end":{"line":197,"column":5}},"85":{"start":{"line":174,"column":6},"end":{"line":196,"column":9}},"86":{"start":{"line":176,"column":8},"end":{"line":195,"column":11}},"87":{"start":{"line":177,"column":10},"end":{"line":194,"column":11}},"88":{"start":{"line":179,"column":14},"end":{"line":179,"column":39}},"89":{"start":{"line":180,"column":14},"end":{"line":180,"column":60}},"90":{"start":{"line":182,"column":14},"end":{"line":182,"column":24}},"91":{"start":{"line":183,"column":14},"end":{"line":183,"column":57}},"92":{"start":{"line":185,"column":14},"end":{"line":185,"column":39}},"93":{"start":{"line":186,"column":14},"end":{"line":186,"column":41}},"94":{"start":{"line":187,"column":14},"end":{"line":187,"column":38}},"95":{"start":{"line":189,"column":14},"end":{"line":189,"column":34}},"96":{"start":{"line":190,"column":14},"end":{"line":190,"column":64}},"97":{"start":{"line":191,"column":14},"end":{"line":191,"column":38}},"98":{"start":{"line":193,"column":14},"end":{"line":193,"column":36}},"99":{"start":{"line":198,"column":4},"end":{"line":202,"column":6}},"100":{"start":{"line":205,"column":0},"end":{"line":205,"column":13}},"101":{"start":{"line":206,"column":0},"end":{"line":206,"column":62}},"102":{"start":{"line":207,"column":0},"end":{"line":207,"column":24}},"103":{"start":{"line":208,"column":12},"end":{"line":208,"column":26}},"104":{"start":{"line":209,"column":17},"end":{"line":212,"column":1}},"105":{"start":{"line":213,"column":31},"end":{"line":213,"column":111}},"106":{"start":{"line":214,"column":31},"end":{"line":214,"column":111}},"107":{"start":{"line":215,"column":17},"end":{"line":215,"column":28}},"108":{"start":{"line":217,"column":33},"end":{"line":217,"column":75}},"109":{"start":{"line":218,"column":4},"end":{"line":252,"column":54}},"110":{"start":{"line":221,"column":16},"end":{"line":249,"column":20}},"111":{"start":{"line":238,"column":70},"end":{"line":240,"column":30}},"112":{"start":{"line":246,"column":57},"end":{"line":246,"column":93}},"113":{"start":{"line":254,"column":0},"end":{"line":254,"column":24}},"114":{"start":{"line":255,"column":1},"end":{"line":255,"column":48}}},"fnMap":{"0":{"name":"(anonymous_0)","decl":{"start":{"line":7,"column":22},"end":{"line":7,"column":23}},"loc":{"start":{"line":7,"column":67},"end":{"line":33,"column":1}},"line":7},"1":{"name":"adopt","decl":{"start":{"line":8,"column":11},"end":{"line":8,"column":16}},"loc":{"start":{"line":8,"column":24},"end":{"line":12,"column":3}},"line":8},"2":{"name":"(anonymous_2)","decl":{"start":{"line":9,"column":46},"end":{"line":9,"column":47}},"loc":{"start":{"line":9,"column":65},"end":{"line":11,"column":5}},"line":9},"3":{"name":"(anonymous_3)","decl":{"start":{"line":13,"column":34},"end":{"line":13,"column":35}},"loc":{"start":{"line":13,"column":61},"end":{"line":32,"column":3}},"line":13},"4":{"name":"fulfilled","decl":{"start":{"line":14,"column":13},"end":{"line":14,"column":22}},"loc":{"start":{"line":14,"column":30},"end":{"line":20,"column":5}},"line":14},"5":{"name":"rejected","decl":{"start":{"line":21,"column":13},"end":{"line":21,"column":21}},"loc":{"start":{"line":21,"column":29},"end":{"line":27,"column":5}},"line":21},"6":{"name":"step","decl":{"start":{"line":28,"column":13},"end":{"line":28,"column":17}},"loc":{"start":{"line":28,"column":26},"end":{"line":30,"column":5}},"line":28},"7":{"name":"(anonymous_7)","decl":{"start":{"line":38,"column":24},"end":{"line":38,"column":25}},"loc":{"start":{"line":38,"column":49},"end":{"line":125,"column":1}},"line":38},"8":{"name":"(anonymous_8)","decl":{"start":{"line":41,"column":12},"end":{"line":41,"column":13}},"loc":{"start":{"line":41,"column":24},"end":{"line":44,"column":7}},"line":41},"9":{"name":"(anonymous_9)","decl":{"start":{"line":56,"column":59},"end":{"line":56,"column":60}},"loc":{"start":{"line":56,"column":71},"end":{"line":58,"column":3}},"line":56},"10":{"name":"verb","decl":{"start":{"line":59,"column":11},"end":{"line":59,"column":15}},"loc":{"start":{"line":59,"column":19},"end":{"line":63,"column":3}},"line":59},"11":{"name":"(anonymous_11)","decl":{"start":{"line":60,"column":11},"end":{"line":60,"column":12}},"loc":{"start":{"line":60,"column":24},"end":{"line":62,"column":5}},"line":60},"12":{"name":"step","decl":{"start":{"line":64,"column":11},"end":{"line":64,"column":15}},"loc":{"start":{"line":64,"column":20},"end":{"line":124,"column":3}},"line":64},"13":{"name":"(anonymous_13)","decl":{"start":{"line":130,"column":28},"end":{"line":130,"column":29}},"loc":{"start":{"line":130,"column":43},"end":{"line":134,"column":1}},"line":130},"14":{"name":"(anonymous_14)","decl":{"start":{"line":142,"column":9},"end":{"line":142,"column":10}},"loc":{"start":{"line":142,"column":21},"end":{"line":203,"column":3}},"line":142},"15":{"name":"(anonymous_15)","decl":{"start":{"line":147,"column":29},"end":{"line":147,"column":30}},"loc":{"start":{"line":147,"column":41},"end":{"line":161,"column":5}},"line":147},"16":{"name":"(anonymous_16)","decl":{"start":{"line":148,"column":46},"end":{"line":148,"column":47}},"loc":{"start":{"line":148,"column":58},"end":{"line":160,"column":7}},"line":148},"17":{"name":"(anonymous_17)","decl":{"start":{"line":150,"column":33},"end":{"line":150,"column":34}},"loc":{"start":{"line":150,"column":47},"end":{"line":159,"column":9}},"line":150},"18":{"name":"formatDate","decl":{"start":{"line":163,"column":13},"end":{"line":163,"column":23}},"loc":{"start":{"line":163,"column":30},"end":{"line":171,"column":5}},"line":163},"19":{"name":"(anonymous_19)","decl":{"start":{"line":173,"column":23},"end":{"line":173,"column":24}},"loc":{"start":{"line":173,"column":37},"end":{"line":197,"column":5}},"line":173},"20":{"name":"(anonymous_20)","decl":{"start":{"line":174,"column":46},"end":{"line":174,"column":47}},"loc":{"start":{"line":174,"column":58},"end":{"line":196,"column":7}},"line":174},"21":{"name":"(anonymous_21)","decl":{"start":{"line":176,"column":33},"end":{"line":176,"column":34}},"loc":{"start":{"line":176,"column":47},"end":{"line":195,"column":9}},"line":176},"22":{"name":"render","decl":{"start":{"line":216,"column":9},"end":{"line":216,"column":15}},"loc":{"start":{"line":216,"column":30},"end":{"line":253,"column":1}},"line":216},"23":{"name":"(anonymous_23)","decl":{"start":{"line":220,"column":127},"end":{"line":220,"column":128}},"loc":{"start":{"line":220,"column":143},"end":{"line":250,"column":13}},"line":220},"24":{"name":"(anonymous_24)","decl":{"start":{"line":238,"column":56},"end":{"line":238,"column":57}},"loc":{"start":{"line":238,"column":68},"end":{"line":240,"column":32}},"line":238},"25":{"name":"(anonymous_25)","decl":{"start":{"line":246,"column":37},"end":{"line":246,"column":38}},"loc":{"start":{"line":246,"column":55},"end":{"line":246,"column":95}},"line":246}},"branchMap":{"0":{"loc":{"start":{"line":5,"column":0},"end":{"line":33,"column":1}},"type":"binary-expr","locations":[{"start":{"line":5,"column":0},"end":{"line":5,"column":6}},{"start":{"line":7,"column":22},"end":{"line":33,"column":1}}],"line":5},"1":{"loc":{"start":{"line":9,"column":11},"end":{"line":11,"column":6}},"type":"cond-expr","locations":[{"start":{"line":9,"column":32},"end":{"line":9,"column":37}},{"start":{"line":9,"column":40},"end":{"line":11,"column":6}}],"line":9},"2":{"loc":{"start":{"line":13,"column":14},"end":{"line":13,"column":32}},"type":"binary-expr","locations":[{"start":{"line":13,"column":14},"end":{"line":13,"column":15}},{"start":{"line":13,"column":20},"end":{"line":13,"column":31}}],"line":13},"3":{"loc":{"start":{"line":29,"column":6},"end":{"line":29,"column":89}},"type":"cond-expr","locations":[{"start":{"line":29,"column":20},"end":{"line":29,"column":41}},{"start":{"line":29,"column":44},"end":{"line":29,"column":89}}],"line":29},"4":{"loc":{"start":{"line":31,"column":47},"end":{"line":31,"column":63}},"type":"binary-expr","locations":[{"start":{"line":31,"column":47},"end":{"line":31,"column":57}},{"start":{"line":31,"column":61},"end":{"line":31,"column":63}}],"line":31},"5":{"loc":{"start":{"line":36,"column":0},"end":{"line":125,"column":1}},"type":"binary-expr","locations":[{"start":{"line":36,"column":0},"end":{"line":36,"column":6}},{"start":{"line":38,"column":24},"end":{"line":125,"column":1}}],"line":36},"6":{"loc":{"start":{"line":42,"column":8},"end":{"line":42,"column":33}},"type":"if","locations":[{"start":{"line":42,"column":8},"end":{"line":42,"column":33}},{"start":{},"end":{}}],"line":42},"7":{"loc":{"start":{"line":56,"column":5},"end":{"line":58,"column":4}},"type":"binary-expr","locations":[{"start":{"line":56,"column":5},"end":{"line":56,"column":33}},{"start":{"line":56,"column":38},"end":{"line":58,"column":3}}],"line":56},"8":{"loc":{"start":{"line":65,"column":4},"end":{"line":65,"column":66}},"type":"if","locations":[{"start":{"line":65,"column":4},"end":{"line":65,"column":66}},{"start":{},"end":{}}],"line":65},"9":{"loc":{"start":{"line":67,"column":6},"end":{"line":67,"column":163}},"type":"if","locations":[{"start":{"line":67,"column":6},"end":{"line":67,"column":163}},{"start":{},"end":{}}],"line":67},"10":{"loc":{"start":{"line":67,"column":17},"end":{"line":67,"column":152}},"type":"binary-expr","locations":[{"start":{"line":67,"column":17},"end":{"line":67,"column":18}},{"start":{"line":67,"column":23},"end":{"line":67,"column":119}},{"start":{"line":67,"column":124},"end":{"line":67,"column":152}}],"line":67},"11":{"loc":{"start":{"line":67,"column":27},"end":{"line":67,"column":119}},"type":"cond-expr","locations":[{"start":{"line":67,"column":39},"end":{"line":67,"column":50}},{"start":{"line":67,"column":53},"end":{"line":67,"column":119}}],"line":67},"12":{"loc":{"start":{"line":67,"column":53},"end":{"line":67,"column":119}},"type":"cond-expr","locations":[{"start":{"line":67,"column":61},"end":{"line":67,"column":110}},{"start":{"line":67,"column":113},"end":{"line":67,"column":119}}],"line":67},"13":{"loc":{"start":{"line":67,"column":61},"end":{"line":67,"column":110}},"type":"binary-expr","locations":[{"start":{"line":67,"column":61},"end":{"line":67,"column":71}},{"start":{"line":67,"column":76},"end":{"line":67,"column":109}}],"line":67},"14":{"loc":{"start":{"line":67,"column":76},"end":{"line":67,"column":106}},"type":"binary-expr","locations":[{"start":{"line":67,"column":77},"end":{"line":67,"column":92}},{"start":{"line":67,"column":97},"end":{"line":67,"column":106}}],"line":67},"15":{"loc":{"start":{"line":68,"column":6},"end":{"line":68,"column":46}},"type":"if","locations":[{"start":{"line":68,"column":6},"end":{"line":68,"column":46}},{"start":{},"end":{}}],"line":68},"16":{"loc":{"start":{"line":69,"column":6},"end":{"line":111,"column":7}},"type":"switch","locations":[{"start":{"line":70,"column":8},"end":{"line":70,"column":15}},{"start":{"line":71,"column":8},"end":{"line":73,"column":16}},{"start":{"line":74,"column":8},"end":{"line":79,"column":12}},{"start":{"line":80,"column":8},"end":{"line":84,"column":19}},{"start":{"line":85,"column":8},"end":{"line":88,"column":19}},{"start":{"line":89,"column":8},"end":{"line":110,"column":19}}],"line":69},"17":{"loc":{"start":{"line":90,"column":10},"end":{"line":93,"column":11}},"type":"if","locations":[{"start":{"line":90,"column":10},"end":{"line":93,"column":11}},{"start":{},"end":{}}],"line":90},"18":{"loc":{"start":{"line":90,"column":14},"end":{"line":90,"column":96}},"type":"binary-expr","locations":[{"start":{"line":90,"column":14},"end":{"line":90,"column":64}},{"start":{"line":90,"column":69},"end":{"line":90,"column":80}},{"start":{"line":90,"column":84},"end":{"line":90,"column":95}}],"line":90},"19":{"loc":{"start":{"line":90,"column":32},"end":{"line":90,"column":63}},"type":"binary-expr","locations":[{"start":{"line":90,"column":32},"end":{"line":90,"column":44}},{"start":{"line":90,"column":48},"end":{"line":90,"column":63}}],"line":90},"20":{"loc":{"start":{"line":94,"column":10},"end":{"line":97,"column":11}},"type":"if","locations":[{"start":{"line":94,"column":10},"end":{"line":97,"column":11}},{"start":{},"end":{}}],"line":94},"21":{"loc":{"start":{"line":94,"column":14},"end":{"line":94,"column":65}},"type":"binary-expr","locations":[{"start":{"line":94,"column":14},"end":{"line":94,"column":25}},{"start":{"line":94,"column":30},"end":{"line":94,"column":32}},{"start":{"line":94,"column":36},"end":{"line":94,"column":48}},{"start":{"line":94,"column":52},"end":{"line":94,"column":64}}],"line":94},"22":{"loc":{"start":{"line":98,"column":10},"end":{"line":102,"column":11}},"type":"if","locations":[{"start":{"line":98,"column":10},"end":{"line":102,"column":11}},{"start":{},"end":{}}],"line":98},"23":{"loc":{"start":{"line":98,"column":14},"end":{"line":98,"column":43}},"type":"binary-expr","locations":[{"start":{"line":98,"column":14},"end":{"line":98,"column":25}},{"start":{"line":98,"column":29},"end":{"line":98,"column":43}}],"line":98},"24":{"loc":{"start":{"line":103,"column":10},"end":{"line":107,"column":11}},"type":"if","locations":[{"start":{"line":103,"column":10},"end":{"line":107,"column":11}},{"start":{},"end":{}}],"line":103},"25":{"loc":{"start":{"line":103,"column":14},"end":{"line":103,"column":33}},"type":"binary-expr","locations":[{"start":{"line":103,"column":14},"end":{"line":103,"column":15}},{"start":{"line":103,"column":19},"end":{"line":103,"column":33}}],"line":103},"26":{"loc":{"start":{"line":108,"column":10},"end":{"line":108,"column":32}},"type":"if","locations":[{"start":{"line":108,"column":10},"end":{"line":108,"column":32}},{"start":{},"end":{}}],"line":108},"27":{"loc":{"start":{"line":119,"column":4},"end":{"line":119,"column":31}},"type":"if","locations":[{"start":{"line":119,"column":4},"end":{"line":119,"column":31}},{"start":{},"end":{}}],"line":119},"28":{"loc":{"start":{"line":121,"column":13},"end":{"line":121,"column":35}},"type":"cond-expr","locations":[{"start":{"line":121,"column":21},"end":{"line":121,"column":26}},{"start":{"line":121,"column":29},"end":{"line":121,"column":35}}],"line":121},"29":{"loc":{"start":{"line":128,"column":0},"end":{"line":134,"column":1}},"type":"binary-expr","locations":[{"start":{"line":128,"column":0},"end":{"line":128,"column":6}},{"start":{"line":130,"column":28},"end":{"line":134,"column":1}}],"line":128},"30":{"loc":{"start":{"line":131,"column":9},"end":{"line":133,"column":3}},"type":"cond-expr","locations":[{"start":{"line":131,"column":33},"end":{"line":131,"column":36}},{"start":{"line":131,"column":39},"end":{"line":133,"column":3}}],"line":131},"31":{"loc":{"start":{"line":131,"column":9},"end":{"line":131,"column":30}},"type":"binary-expr","locations":[{"start":{"line":131,"column":9},"end":{"line":131,"column":12}},{"start":{"line":131,"column":16},"end":{"line":131,"column":30}}],"line":131},"32":{"loc":{"start":{"line":151,"column":10},"end":{"line":158,"column":11}},"type":"switch","locations":[{"start":{"line":152,"column":12},"end":{"line":153,"column":57}},{"start":{"line":154,"column":12},"end":{"line":157,"column":36}}],"line":151},"33":{"loc":{"start":{"line":177,"column":10},"end":{"line":194,"column":11}},"type":"switch","locations":[{"start":{"line":178,"column":12},"end":{"line":180,"column":60}},{"start":{"line":181,"column":12},"end":{"line":183,"column":57}},{"start":{"line":184,"column":12},"end":{"line":187,"column":38}},{"start":{"line":188,"column":12},"end":{"line":191,"column":38}},{"start":{"line":192,"column":12},"end":{"line":193,"column":36}}],"line":177},"34":{"loc":{"start":{"line":218,"column":11},"end":{"line":252,"column":53}},"type":"cond-expr","locations":[{"start":{"line":219,"column":11},"end":{"line":251,"column":10}},{"start":{"line":252,"column":10},"end":{"line":252,"column":53}}],"line":218}},"s":{"0":1,"1":0,"2":0,"3":0,"4":0,"5":0,"6":0,"7":0,"8":0,"9":0,"10":0,"11":0,"12":1,"13":0,"14":0,"15":0,"16":0,"17":0,"18":0,"19":0,"20":0,"21":0,"22":0,"23":0,"24":0,"25":0,"26":0,"27":0,"28":0,"29":0,"30":0,"31":0,"32":0,"33":0,"34":0,"35":0,"36":0,"37":0,"38":0,"39":0,"40":0,"41":0,"42":0,"43":0,"44":0,"45":0,"46":0,"47":0,"48":0,"49":0,"50":0,"51":0,"52":0,"53":0,"54":0,"55":0,"56":0,"57":0,"58":0,"59":0,"60":0,"61":0,"62":0,"63":0,"64":0,"65":0,"66":1,"67":1,"68":1,"69":1,"70":1,"71":1,"72":0,"73":0,"74":0,"75":0,"76":0,"77":0,"78":0,"79":0,"80":0,"81":0,"82":0,"83":0,"84":0,"85":0,"86":0,"87":0,"88":0,"89":0,"90":0,"91":0,"92":0,"93":0,"94":0,"95":0,"96":0,"97":0,"98":0,"99":0,"100":1,"101":1,"102":1,"103":1,"104":1,"105":1,"106":1,"107":1,"108":0,"109":0,"110":0,"111":0,"112":0,"113":1,"114":1},"f":{"0":0,"1":0,"2":0,"3":0,"4":0,"5":0,"6":0,"7":0,"8":0,"9":0,"10":0,"11":0,"12":0,"13":1,"14":0,"15":0,"16":0,"17":0,"18":0,"19":0,"20":0,"21":0,"22":0,"23":0,"24":0,"25":0},"b":{"0":[1,1],"1":[0,0],"2":[0,0],"3":[0,0],"4":[0,0],"5":[1,1],"6":[0,0],"7":[0,0],"8":[0,0],"9":[0,0],"10":[0,0,0],"11":[0,0],"12":[0,0],"13":[0,0],"14":[0,0],"15":[0,0],"16":[0,0,0,0,0,0],"17":[0,0],"18":[0,0,0],"19":[0,0],"20":[0,0],"21":[0,0,0,0],"22":[0,0],"23":[0,0],"24":[0,0],"25":[0,0],"26":[0,0],"27":[0,0],"28":[0,0],"29":[1,1],"30":[1,0],"31":[1,1],"32":[0,0],"33":[0,0,0,0,0],"34":[0,0]},"inputSourceMap":{"0":"{","1":"\"","2":"v","3":"e","4":"r","5":"s","6":"i","7":"o","8":"n","9":"\"","10":":","11":"3","12":",","13":"\"","14":"s","15":"o","16":"u","17":"r","18":"c","19":"e","20":"s","21":"\"","22":":","23":"[","24":"\"","25":"C","26":":","27":"\\","28":"\\","29":"U","30":"s","31":"e","32":"r","33":"s","34":"\\","35":"\\","36":"P","37":"a","38":"t","39":"r","40":"i","41":"\\","42":"\\","43":"D","44":"o","45":"c","46":"u","47":"m","48":"e","49":"n","50":"t","51":"s","52":"\\","53":"\\","54":"p","55":"r","56":"a","57":"c","58":"t","59":"i","60":"c","61":"a","62":"s","63":"\\","64":"\\","65":"c","66":"i","67":"t","68":"a","69":"s","70":"\\","71":"\\","72":"c","73":"i","74":"t","75":"a","76":"s","77":"-","78":"f","79":"r","80":"o","81":"n","82":"t","83":"\\","84":"\\","85":"s","86":"r","87":"c","88":"\\","89":"\\","90":"c","91":"o","92":"m","93":"p","94":"o","95":"n","96":"e","97":"n","98":"t","99":"s","100":"\\","101":"\\","102":"L","103":"i","104":"s","105":"t","106":"C","107":"i","108":"t","109":"a","110":"s","111":".","112":"v","113":"u","114":"e","115":"\"","116":"]","117":",","118":"\"","119":"n","120":"a","121":"m","122":"e","123":"s","124":"\"","125":":","126":"[","127":"]","128":",","129":"\"","130":"m","131":"a","132":"p","133":"p","134":"i","135":"n","136":"g","137":"s","138":"\"","139":":","140":"\"","141":";","142":";","143":";","144":";","145":";","146":";","147":";","148":";","149":";","150":";","151":";","152":";","153":";","154":";","155":";","156":";","157":";","158":";","159":";","160":";","161":";","162":";","163":";","164":";","165":";","166":";","167":";","168":";","169":";","170":";","171":";","172":";","173":";","174":";","175":";","176":";","177":";","178":";","179":";","180":";","181":";","182":";","183":";","184":";","185":";","186":";","187":";","188":";","189":";","190":";","191":";","192":";","193":";","194":";","195":";","196":";","197":";","198":";","199":";","200":";","201":";","202":";","203":";","204":";","205":";","206":";","207":";","208":";","209":";","210":";","211":";","212":";","213":";","214":";","215":";","216":";","217":";","218":";","219":";","220":";","221":";","222":";","223":";","224":";","225":";","226":";","227":";","228":";","229":";","230":";","231":";","232":";","233":";","234":";","235":";","236":";","237":";","238":";","239":";","240":";","241":";","242":";","243":";","244":";","245":";","246":";","247":";","248":";","249":";","250":";","251":";","252":";","253":";","254":";","255":";","256":";","257":";","258":";","259":";","260":";","261":";","262":";","263":";","264":";","265":";","266":";","267":";","268":";","269":";","270":";","271":";","272":";","273":";","274":";","275":";","276":";","277":";","278":"A","279":"A","280":"e","281":"A","282":";","283":"A","284":"A","285":"C","286":"A","287":";","288":"A","289":"A","290":"G","291":"A","292":",","293":"k","294":"B","295":"A","296":"A","297":"e","298":";","299":"E","300":"A","301":"C","302":"X","303":",","304":"I","305":"A","306":"A","307":"I","308":",","309":"E","310":"A","311":"A","312":"E","313":",","314":"W","315":"A","316":"A","317":"W","318":";","319":"E","320":"A","321":"E","322":"j","323":"B","324":",","325":"K","326":"A","327":"A","328":"K","329":",","330":"E","331":"A","332":"A","333":"L","334":";","335":"I","336":"A","337":"A","338":"A","339":";","340":"I","341":"A","342":"C","343":"I","344":",","345":"I","346":"A","347":"A","348":"M","349":",","350":"O","351":"A","352":"A","353":"O","354":",","355":"G","356":"A","357":"A","358":"G","359":",","360":"I","361":"A","362":"A","363":"I","364":",","365":"s","366":"B","367":"A","368":"A","369":"g","370":"B","371":",","372":"E","373":"A","374":"A","375":"E","376":";","377":"I","378":"A","379":"C","380":"t","381":"C","382":",","383":"I","384":"A","385":"A","386":"M","387":",","388":"K","389":"A","390":"A","391":"K","392":",","393":"G","394":"A","395":"A","396":"G","397":",","398":"a","399":"A","400":"A","401":"G","402":",","403":"E","404":"A","405":"A","406":"S","407":",","408":"E","409":"A","410":"A","411":"E","412":",","413":"C","414":"A","415":"A","416":"C","417":";","418":"I","419":"A","420":"E","421":"7","422":"B","423":";","424":"I","425":"A","426":"C","427":"A","428":",","429":"u","430":"B","431":"A","432":"A","433":"a","434":",","435":"E","436":"A","437":"A","438":"C","439":";","440":"M","441":"A","442":"A","443":"A","444":";","445":";","446":";","447":";","448":";","449":"c","450":"A","451":"E","452":"W","453":",","454":"q","455":"B","456":"A","457":"A","458":"M","459":",","460":"O","461":"A","462":"A","463":"O","464":",","465":"C","466":"A","467":"A","468":"C","469":",","470":"U","471":"A","472":"A","473":"U","474":",","475":"E","476":"A","477":"A","478":"E","479":";","480":";","481":"c","482":"A","483":"A","484":"z","485":"C","486":",","487":"Y","488":"A","489":"A","490":"Y","491":",","492":"G","493":"A","494":"A","495":"G","496":",","497":"S","498":"A","499":"A","500":"0","501":"B","502":";","503":"c","504":"A","505":"C","506":"/","507":"C","508":",","509":"K","510":"A","511":"A","512":"K","513":",","514":"C","515":"A","516":"A","517":"C","518":",","519":"K","520":"A","521":"A","522":"K","523":",","524":"G","525":"A","526":"A","527":"G","528":",","529":"Y","530":"A","531":"A","532":"Y","533":";","534":";","535":";","536":";","537":";","538":"K","539":"A","540":"C","541":"7","542":"B","543":",","544":"C","545":"A","546":"A","547":"C","548":";","549":"I","550":"A","551":"E","552":"F","553":";","554":"I","555":"A","556":"C","557":"A","558":",","559":"S","560":"A","561":"A","562":"S","563":",","564":"U","565":"A","566":"A","567":"U","568":",","569":"C","570":"A","571":"A","572":"C","573":",","574":"I","575":"A","576":"A","577":"m","578":"B","579":";","580":"M","581":"A","582":"C","583":"n","584":"C","585":",","586":"O","587":"A","588":"A","589":"O","590":",","591":"I","592":"A","593":"A","594":"I","595":",","596":"I","597":"A","598":"A","599":"I","600":",","601":"C","602":"A","603":"A","604":"C","605":",","606":"c","607":"A","608":"A","609":"c","610":",","611":"C","612":"A","613":"A","614":"C","615":",","616":"O","617":"A","618":"A","619":"O","620":",","621":"E","622":"A","623":"A","624":"E","625":";","626":"Q","627":"A","628":"C","629":"p","630":"C","631":",","632":"G","633":"A","634":"A","635":"G","636":",","637":"E","638":"A","639":"A","640":"E","641":",","642":"S","643":"A","644":"A","645":"S","646":";","647":"Q","648":"A","649":"C","650":"d","651":",","652":"K","653":"A","654":"A","655":"K","656":",","657":"E","658":"A","659":"A","660":"E","661":",","662":"M","663":"A","664":"A","665":"M","666":";","667":"Q","668":"A","669":"C","670":"b","671":",","672":"I","673":"A","674":"A","675":"I","676":",","677":"E","678":"A","679":"A","680":"E","681":",","682":"S","683":"A","684":"A","685":"S","686":";","687":"Q","688":"A","689":"C","690":"f","691":",","692":"I","693":"A","694":"A","695":"I","696":",","697":"E","698":"A","699":"A","700":"E","701":",","702":"S","703":"A","704":"A","705":"S","706":";","707":"Q","708":"A","709":"C","710":"f","711":",","712":"M","713":"A","714":"A","715":"M","716":",","717":"E","718":"A","719":"A","720":"E","721":";","722":"O","723":"A","724":"C","725":"X","726":",","727":"C","728":"A","729":"A","730":"C","731":",","732":"C","733":"A","734":"A","735":"C","736":",","737":"M","738":"A","739":"A","740":"M","741":",","742":"C","743":"A","744":"A","745":"C","746":",","747":"I","748":"A","749":"A","750":"I","751":",","752":"I","753":"A","754":"A","755":"I","756":",","757":"C","758":"A","759":"A","760":"C","761":",","762":"I","763":"A","764":"A","765":"I","766":",","767":"C","768":"A","769":"A","770":"C","771":",","772":"C","773":"A","774":"A","775":"C","776":";","777":"I","778":"A","779":"C","780":"7","781":"B","782":";","783":"I","784":"A","785":"C","786":"A","787":";","788":"I","789":"A","790":"C","791":"A","792":",","793":"I","794":"A","795":"A","796":"M","797":",","798":"Y","799":"A","800":"A","801":"Y","802":",","803":"G","804":"A","805":"A","806":"G","807":",","808":"U","809":"A","810":"A","811":"O","812":",","813":"E","814":"A","815":"A","816":"U","817":";","818":"M","819":"A","820":"A","821":"A","822":";","823":";","824":";","825":";","826":";","827":";","828":"c","829":"A","830":"E","831":"9","832":"B","833":",","834":"q","835":"B","836":"A","837":"A","838":"M","839":",","840":"O","841":"A","842":"A","843":"O","844":",","845":"C","846":"A","847":"A","848":"C","849":",","850":"W","851":"A","852":"A","853":"W","854":",","855":"C","856":"A","857":"A","858":"C","859":",","860":"E","861":"A","862":"A","863":"E","864":",","865":"C","866":"A","867":"A","868":"C","869":";","870":";","871":"c","872":"A","873":"A","874":"7","875":"B","876":",","877":"S","878":"A","879":"A","880":"6","881":"B","882":";","883":"c","884":"A","885":"C","886":"R","887":",","888":"q","889":"B","890":"A","891":"A","892":"M","893":",","894":"O","895":"A","896":"A","897":"O","898":",","899":"C","900":"A","901":"A","902":"C","903":",","904":"U","905":"A","906":"A","907":"U","908":",","909":"E","910":"A","911":"A","912":"E","913":";","914":";","915":"c","916":"A","917":"A","918":"z","919":"C","920":",","921":"Y","922":"A","923":"A","924":"Y","925":",","926":"G","927":"A","928":"A","929":"G","930":",","931":"S","932":"A","933":"A","934":"0","935":"B","936":";","937":"c","938":"A","939":"C","940":"/","941":"C","942":",","943":"K","944":"A","945":"A","946":"K","947":",","948":"C","949":"A","950":"A","951":"C","952":",","953":"K","954":"A","955":"A","956":"K","957":",","958":"G","959":"A","960":"A","961":"G","962":",","963":"Y","964":"A","965":"A","966":"Y","967":";","968":";","969":";","970":";","971":"c","972":"A","973":"G","974":"1","975":"B","976":",","977":"O","978":"A","979":"A","980":"O","981":",","982":"C","983":"A","984":"A","985":"C","986":",","987":"K","988":"A","989":"A","990":"K","991":",","992":"C","993":"A","994":"A","995":"C","996":",","997":"y","998":"B","999":"A","1000":"A","1001":"y","1002":"B","1003":",","1004":"E","1005":"A","1006":"A","1007":"E","1008":",","1009":"O","1010":"A","1011":"A","1012":"K","1013":",","1014":"C","1015":"A","1016":"A","1017":"C","1018":";","1019":";","1020":";","1021":";","1022":";","1023":";","1024":";","1025":"K","1026":"A","1027":"E","1028":"t","1029":"D","1030":";","1031":"I","1032":"A","1033":"E","1034":"D","1035":",","1036":"O","1037":"A","1038":"A","1039":"O","1040":";","1041":"M","1042":"A","1043":"C","1044":"H","1045":",","1046":"K","1047":"A","1048":"A","1049":"K","1050":";","1051":"M","1052":"A","1053":"C","1054":"L","1055":",","1056":"U","1057":"A","1058":"A","1059":"U","1060":";","1061":"M","1062":"A","1063":"C","1064":"V","1065":",","1066":"Y","1067":"A","1068":"A","1069":"Y","1070":";","1071":"K","1072":"A","1073":"C","1074":"f","1075":";","1076":"E","1077":"A","1078":"C","1079":"L","1080":";","1081":"C","1082":"A","1083":"C","1084":"H","1085":"\"","1086":",","1087":"\"","1088":"f","1089":"i","1090":"l","1091":"e","1092":"\"","1093":":","1094":"\"","1095":"C","1096":":","1097":"\\","1098":"\\","1099":"U","1100":"s","1101":"e","1102":"r","1103":"s","1104":"\\","1105":"\\","1106":"P","1107":"a","1108":"t","1109":"r","1110":"i","1111":"\\","1112":"\\","1113":"D","1114":"o","1115":"c","1116":"u","1117":"m","1118":"e","1119":"n","1120":"t","1121":"s","1122":"\\","1123":"\\","1124":"p","1125":"r","1126":"a","1127":"c","1128":"t","1129":"i","1130":"c","1131":"a","1132":"s","1133":"\\","1134":"\\","1135":"c","1136":"i","1137":"t","1138":"a","1139":"s","1140":"\\","1141":"\\","1142":"c","1143":"i","1144":"t","1145":"a","1146":"s","1147":"-","1148":"f","1149":"r","1150":"o","1151":"n","1152":"t","1153":"\\","1154":"\\","1155":"s","1156":"r","1157":"c","1158":"\\","1159":"\\","1160":"c","1161":"o","1162":"m","1163":"p","1164":"o","1165":"n","1166":"e","1167":"n","1168":"t","1169":"s","1170":"\\","1171":"\\","1172":"L","1173":"i","1174":"s","1175":"t","1176":"C","1177":"i","1178":"t","1179":"a","1180":"s","1181":".","1182":"v","1183":"u","1184":"e","1185":"\"","1186":",","1187":"\"","1188":"s","1189":"o","1190":"u","1191":"r","1192":"c","1193":"e","1194":"s","1195":"C","1196":"o","1197":"n","1198":"t","1199":"e","1200":"n","1201":"t","1202":"\"","1203":":","1204":"[","1205":"\"","1206":"<","1207":"t","1208":"e","1209":"m","1210":"p","1211":"l","1212":"a","1213":"t","1214":"e","1215":">","1216":"\\","1217":"r","1218":"\\","1219":"n","1220":" ","1221":" ","1222":" ","1223":" ","1224":"<","1225":"u","1226":"l","1227":" ","1228":"c","1229":"l","1230":"a","1231":"s","1232":"s","1233":"=","1234":"\\","1235":"\"","1236":"l","1237":"i","1238":"s","1239":"t","1240":"\\","1241":"\"","1242":" ","1243":"v","1244":"-","1245":"i","1246":"f","1247":"=","1248":"\\","1249":"\"","1250":"c","1251":"i","1252":"t","1253":"a","1254":"s","1255":"\\","1256":"\"","1257":">","1258":"\\","1259":"r","1260":"\\","1261":"n","1262":" ","1263":" ","1264":" ","1265":" ","1266":" ","1267":" ","1268":" ","1269":" ","1270":"<","1271":"l","1272":"i","1273":" ","1274":"v","1275":"-","1276":"f","1277":"o","1278":"r","1279":"=","1280":"\\","1281":"\"","1282":"c","1283":"i","1284":"t","1285":"a","1286":" ","1287":"i","1288":"n","1289":" ","1290":"c","1291":"i","1292":"t","1293":"a","1294":"s","1295":"\\","1296":"\"","1297":" ","1298":"v","1299":"-","1300":"b","1301":"i","1302":"n","1303":"d","1304":":","1305":"k","1306":"e","1307":"y","1308":"=","1309":"\\","1310":"\"","1311":"c","1312":"i","1313":"t","1314":"a","1315":".","1316":"i","1317":"d","1318":"\\","1319":"\"","1320":">","1321":"\\","1322":"r","1323":"\\","1324":"n","1325":" ","1326":" ","1327":" ","1328":" ","1329":" ","1330":" ","1331":" ","1332":" ","1333":" ","1334":" ","1335":" ","1336":" ","1337":"<","1338":"h","1339":"3","1340":">","1341":"{","1342":"{","1343":" ","1344":"f","1345":"o","1346":"r","1347":"m","1348":"a","1349":"t","1350":"D","1351":"a","1352":"t","1353":"e","1354":"(","1355":"c","1356":"i","1357":"t","1358":"a","1359":".","1360":"f","1361":"e","1362":"c","1363":"h","1364":"a","1365":"H","1366":"o","1367":"r","1368":"a","1369":")","1370":" ","1371":"}","1372":"}","1373":"<","1374":"/","1375":"h","1376":"3","1377":">","1378":"\\","1379":"r","1380":"\\","1381":"n","1382":" ","1383":" ","1384":" ","1385":" ","1386":" ","1387":" ","1388":" ","1389":" ","1390":" ","1391":" ","1392":" ","1393":" ","1394":"<","1395":"p","1396":">","1397":"<","1398":"s","1399":"t","1400":"r","1401":"o","1402":"n","1403":"g","1404":">","1405":"P","1406":"a","1407":"c","1408":"i","1409":"e","1410":"n","1411":"t","1412":"e","1413":" ","1414":"N","1415":"S","1416":"S","1417":":","1418":"<","1419":"/","1420":"s","1421":"t","1422":"r","1423":"o","1424":"n","1425":"g","1426":">","1427":" ","1428":"{","1429":"{","1430":" ","1431":"c","1432":"i","1433":"t","1434":"a","1435":".","1436":"p","1437":"a","1438":"c","1439":"i","1440":"e","1441":"n","1442":"t","1443":"e","1444":"N","1445":"S","1446":"S","1447":" ","1448":"}","1449":"}","1450":"<","1451":"/","1452":"p","1453":">","1454":"\\","1455":"r","1456":"\\","1457":"n","1458":" ","1459":" ","1460":" ","1461":" ","1462":" ","1463":" ","1464":" ","1465":" ","1466":" ","1467":" ","1468":" ","1469":" ","1470":"<","1471":"p","1472":">","1473":"<","1474":"s","1475":"t","1476":"r","1477":"o","1478":"n","1479":"g","1480":">","1481":"M","1482":"o","1483":"t","1484":"i","1485":"v","1486":"o","1487":" ","1488":"c","1489":"i","1490":"t","1491":"a","1492":":","1493":" ","1494":"<","1495":"/","1496":"s","1497":"t","1498":"r","1499":"o","1500":"n","1501":"g","1502":">","1503":"{","1504":"{","1505":" ","1506":"c","1507":"i","1508":"t","1509":"a","1510":".","1511":"m","1512":"o","1513":"t","1514":"i","1515":"v","1516":"o","1517":"C","1518":"i","1519":"t","1520":"a","1521":" ","1522":"}","1523":"}","1524":"<","1525":"/","1526":"p","1527":">","1528":"\\","1529":"r","1530":"\\","1531":"n","1532":" ","1533":" ","1534":" ","1535":" ","1536":" ","1537":" ","1538":" ","1539":" ","1540":" ","1541":" ","1542":" ","1543":" ","1544":"<","1545":"d","1546":"i","1547":"v","1548":">","1549":"\\","1550":"r","1551":"\\","1552":"n","1553":" ","1554":" ","1555":" ","1556":" ","1557":" ","1558":" ","1559":" ","1560":" ","1561":" ","1562":" ","1563":" ","1564":" ","1565":" ","1566":" ","1567":" ","1568":" ","1569":"<","1570":"r","1571":"o","1572":"u","1573":"t","1574":"e","1575":"r","1576":"-","1577":"l","1578":"i","1579":"n","1580":"k","1581":" ","1582":"c","1583":"l","1584":"a","1585":"s","1586":"s","1587":"=","1588":"\\","1589":"\"","1590":"b","1591":"t","1592":"-","1593":"d","1594":"i","1595":"a","1596":"g","1597":"\\","1598":"\"","1599":" ","1600":":","1601":"t","1602":"o","1603":"=","1604":"\\","1605":"\"","1606":"{","1607":" ","1608":"n","1609":"a","1610":"m","1611":"e","1612":":","1613":" ","1614":"'","1615":"c","1616":"i","1617":"t","1618":"a","1619":"'","1620":",","1621":" ","1622":"p","1623":"a","1624":"r","1625":"a","1626":"m","1627":"s","1628":":","1629":" ","1630":"{","1631":" ","1632":"i","1633":"d","1634":":","1635":" ","1636":"c","1637":"i","1638":"t","1639":"a","1640":".","1641":"i","1642":"d","1643":" ","1644":"}","1645":" ","1646":"}","1647":"\\","1648":"\"","1649":">","1650":"D","1651":"e","1652":"t","1653":"a","1654":"l","1655":"l","1656":"e","1657":"<","1658":"/","1659":"r","1660":"o","1661":"u","1662":"t","1663":"e","1664":"r","1665":"-","1666":"l","1667":"i","1668":"n","1669":"k","1670":">","1671":"\\","1672":"r","1673":"\\","1674":"n","1675":" ","1676":" ","1677":" ","1678":" ","1679":" ","1680":" ","1681":" ","1682":" ","1683":" ","1684":" ","1685":" ","1686":" ","1687":" ","1688":" ","1689":" ","1690":" ","1691":"<","1692":"a","1693":" ","1694":"c","1695":"l","1696":"a","1697":"s","1698":"s","1699":"=","1700":"\\","1701":"\"","1702":"b","1703":"t","1704":"-","1705":"e","1706":"l","1707":"i","1708":"m","1709":"\\","1710":"\"","1711":" ","1712":"h","1713":"r","1714":"e","1715":"f","1716":"=","1717":"\\","1718":"\"","1719":"#","1720":"\\","1721":"\"","1722":" ","1723":"@","1724":"c","1725":"l","1726":"i","1727":"c","1728":"k","1729":"=","1730":"\\","1731":"\"","1732":"e","1733":"l","1734":"i","1735":"m","1736":"i","1737":"n","1738":"a","1739":"r","1740":"C","1741":"i","1742":"t","1743":"a","1744":"(","1745":"c","1746":"i","1747":"t","1748":"a","1749":".","1750":"i","1751":"d","1752":")","1753":"\\","1754":"\"","1755":">","1756":"E","1757":"l","1758":"i","1759":"m","1760":"i","1761":"n","1762":"a","1763":"r","1764":"<","1765":"/","1766":"a","1767":">","1768":"\\","1769":"r","1770":"\\","1771":"n","1772":" ","1773":" ","1774":" ","1775":" ","1776":" ","1777":" ","1778":" ","1779":" ","1780":" ","1781":" ","1782":" ","1783":" ","1784":"<","1785":"/","1786":"d","1787":"i","1788":"v","1789":">","1790":"\\","1791":"r","1792":"\\","1793":"n","1794":" ","1795":" ","1796":" ","1797":" ","1798":" ","1799":" ","1800":" ","1801":" ","1802":"<","1803":"/","1804":"l","1805":"i","1806":">","1807":"\\","1808":"r","1809":"\\","1810":"n","1811":" ","1812":" ","1813":" ","1814":" ","1815":"<","1816":"/","1817":"u","1818":"l","1819":">","1820":"\\","1821":"r","1822":"\\","1823":"n","1824":"<","1825":"/","1826":"t","1827":"e","1828":"m","1829":"p","1830":"l","1831":"a","1832":"t","1833":"e","1834":">","1835":"\\","1836":"r","1837":"\\","1838":"n","1839":"\\","1840":"r","1841":"\\","1842":"n","1843":"<","1844":"s","1845":"c","1846":"r","1847":"i","1848":"p","1849":"t","1850":" ","1851":"l","1852":"a","1853":"n","1854":"g","1855":"=","1856":"\\","1857":"\"","1858":"t","1859":"s","1860":"\\","1861":"\"","1862":">","1863":"\\","1864":"r","1865":"\\","1866":"n","1867":"i","1868":"m","1869":"p","1870":"o","1871":"r","1872":"t","1873":" ","1874":"C","1875":"i","1876":"t","1877":"a","1878":"s","1879":"L","1880":"i","1881":"s","1882":"t","1883":"S","1884":"e","1885":"r","1886":"v","1887":"i","1888":"c","1889":"e","1890":" ","1891":"f","1892":"r","1893":"o","1894":"m","1895":" ","1896":"'","1897":"@","1898":"/","1899":"s","1900":"e","1901":"r","1902":"v","1903":"i","1904":"c","1905":"e","1906":"s","1907":"/","1908":"C","1909":"i","1910":"t","1911":"a","1912":"s","1913":"S","1914":"e","1915":"r","1916":"v","1917":"i","1918":"c","1919":"e","1920":"'","1921":"\\","1922":"r","1923":"\\","1924":"n","1925":"i","1926":"m","1927":"p","1928":"o","1929":"r","1930":"t","1931":" ","1932":"{","1933":" ","1934":"o","1935":"n","1936":"B","1937":"e","1938":"f","1939":"o","1940":"r","1941":"e","1942":"M","1943":"o","1944":"u","1945":"n","1946":"t","1947":",","1948":" ","1949":"r","1950":"e","1951":"f","1952":" ","1953":"}","1954":" ","1955":"f","1956":"r","1957":"o","1958":"m","1959":" ","1960":"'","1961":"v","1962":"u","1963":"e","1964":"'","1965":"\\","1966":"r","1967":"\\","1968":"n","1969":"i","1970":"m","1971":"p","1972":"o","1973":"r","1974":"t","1975":" ","1976":"{","1977":" ","1978":"C","1979":"i","1980":"t","1981":"a","1982":" ","1983":"}","1984":" ","1985":"f","1986":"r","1987":"o","1988":"m","1989":" ","1990":"'","1991":"@","1992":"/","1993":"i","1994":"n","1995":"t","1996":"e","1997":"r","1998":"f","1999":"a","2000":"c","2001":"e","2002":"s","2003":"/","2004":"C","2005":"i","2006":"t","2007":"a","2008":"'","2009":"\\","2010":"r","2011":"\\","2012":"n","2013":"\\","2014":"r","2015":"\\","2016":"n","2017":"e","2018":"x","2019":"p","2020":"o","2021":"r","2022":"t","2023":" ","2024":"d","2025":"e","2026":"f","2027":"a","2028":"u","2029":"l","2030":"t","2031":" ","2032":"{","2033":"\\","2034":"r","2035":"\\","2036":"n","2037":" ","2038":" ","2039":" ","2040":" ","2041":"n","2042":"a","2043":"m","2044":"e","2045":":","2046":" ","2047":"'","2048":"L","2049":"i","2050":"s","2051":"t","2052":"C","2053":"i","2054":"t","2055":"a","2056":"s","2057":"'","2058":",","2059":"\\","2060":"r","2061":"\\","2062":"n","2063":"\\","2064":"r","2065":"\\","2066":"n","2067":" ","2068":" ","2069":" ","2070":" ","2071":"s","2072":"e","2073":"t","2074":"u","2075":"p","2076":"(","2077":")","2078":" ","2079":"{","2080":"\\","2081":"r","2082":"\\","2083":"n","2084":" ","2085":" ","2086":" ","2087":" ","2088":" ","2089":" ","2090":" ","2091":" ","2092":"c","2093":"o","2094":"n","2095":"s","2096":"t","2097":" ","2098":"s","2099":"e","2100":"r","2101":"v","2102":"i","2103":"c","2104":"e","2105":" ","2106":"=","2107":" ","2108":"n","2109":"e","2110":"w","2111":" ","2112":"C","2113":"i","2114":"t","2115":"a","2116":"s","2117":"L","2118":"i","2119":"s","2120":"t","2121":"S","2122":"e","2123":"r","2124":"v","2125":"i","2126":"c","2127":"e","2128":"(","2129":")","2130":"\\","2131":"r","2132":"\\","2133":"n","2134":" ","2135":" ","2136":" ","2137":" ","2138":" ","2139":" ","2140":" ","2141":" ","2142":"c","2143":"o","2144":"n","2145":"s","2146":"t","2147":" ","2148":"c","2149":"i","2150":"t","2151":"a","2152":"s","2153":" ","2154":"=","2155":" ","2156":"r","2157":"e","2158":"f","2159":"<","2160":"C","2161":"i","2162":"t","2163":"a","2164":"[","2165":"]","2166":">","2167":"(","2168":"[","2169":"]","2170":")","2171":";","2172":"\\","2173":"r","2174":"\\","2175":"n","2176":" ","2177":" ","2178":" ","2179":" ","2180":" ","2181":" ","2182":" ","2183":" ","2184":"\\","2185":"r","2186":"\\","2187":"n","2188":" ","2189":" ","2190":" ","2191":" ","2192":" ","2193":" ","2194":" ","2195":" ","2196":"/","2197":"/","2198":"l","2199":"l","2200":"a","2201":"m","2202":"a","2203":"m","2204":"o","2205":"s","2206":" ","2207":"a","2208":"l","2209":" ","2210":"s","2211":"e","2212":"r","2213":"v","2214":"i","2215":"c","2216":"i","2217":"o","2218":" ","2219":"p","2220":"a","2221":"r","2222":"a","2223":" ","2224":"o","2225":"b","2226":"t","2227":"e","2228":"n","2229":"e","2230":"r","2231":" ","2232":"l","2233":"a","2234":"s","2235":" ","2236":"c","2237":"i","2238":"t","2239":"a","2240":"s","2241":" ","2242":"a","2243":"n","2244":"t","2245":"e","2246":"s","2247":" ","2248":"d","2249":"e","2250":" ","2251":"q","2252":"u","2253":"e","2254":" ","2255":"s","2256":"e","2257":" ","2258":"m","2259":"o","2260":"n","2261":"t","2262":"e","2263":" ","2264":"e","2265":"l","2266":" ","2267":"c","2268":"o","2269":"m","2270":"p","2271":"o","2272":"n","2273":"e","2274":"n","2275":"t","2276":"e","2277":"\\","2278":"r","2279":"\\","2280":"n","2281":" ","2282":" ","2283":" ","2284":" ","2285":" ","2286":" ","2287":" ","2288":" ","2289":"o","2290":"n","2291":"B","2292":"e","2293":"f","2294":"o","2295":"r","2296":"e","2297":"M","2298":"o","2299":"u","2300":"n","2301":"t","2302":"(","2303":"a","2304":"s","2305":"y","2306":"n","2307":"c","2308":" ","2309":"(","2310":")","2311":" ","2312":"=","2313":">","2314":" ","2315":"{","2316":"\\","2317":"r","2318":"\\","2319":"n","2320":" ","2321":" ","2322":" ","2323":" ","2324":" ","2325":" ","2326":" ","2327":" ","2328":" ","2329":" ","2330":" ","2331":" ","2332":"/","2333":"/","2334":"l","2335":"l","2336":"a","2337":"m","2338":"a","2339":"m","2340":"o","2341":"s","2342":" ","2343":"a","2344":"l","2345":" ","2346":"s","2347":"e","2348":"r","2349":"v","2350":"i","2351":"c","2352":"i","2353":"o","2354":" ","2355":"p","2356":"a","2357":"r","2358":"a","2359":" ","2360":"o","2361":"b","2362":"t","2363":"e","2364":"n","2365":"e","2366":"r","2367":" ","2368":"l","2369":"a","2370":"s","2371":" ","2372":"c","2373":"i","2374":"t","2375":"a","2376":"s","2377":" ","2378":"a","2379":"n","2380":"t","2381":"e","2382":"s","2383":" ","2384":"d","2385":"e","2386":" ","2387":"q","2388":"u","2389":"e","2390":" ","2391":"s","2392":"e","2393":" ","2394":"m","2395":"o","2396":"n","2397":"t","2398":"e","2399":" ","2400":"e","2401":"l","2402":" ","2403":"c","2404":"o","2405":"m","2406":"p","2407":"o","2408":"n","2409":"e","2410":"n","2411":"t","2412":"e","2413":"\\","2414":"r","2415":"\\","2416":"n","2417":" ","2418":" ","2419":" ","2420":" ","2421":" ","2422":" ","2423":" ","2424":" ","2425":" ","2426":" ","2427":" ","2428":" ","2429":"c","2430":"o","2431":"n","2432":"s","2433":"t","2434":" ","2435":"f","2436":"e","2437":"t","2438":"c","2439":"h","2440":"e","2441":"d","2442":"C","2443":"i","2444":"t","2445":"a","2446":"s","2447":" ","2448":"=","2449":" ","2450":"a","2451":"w","2452":"a","2453":"i","2454":"t","2455":" ","2456":"s","2457":"e","2458":"r","2459":"v","2460":"i","2461":"c","2462":"e","2463":".","2464":"f","2465":"e","2466":"t","2467":"c","2468":"h","2469":"C","2470":"i","2471":"t","2472":"a","2473":"s","2474":"(","2475":")","2476":";","2477":"\\","2478":"r","2479":"\\","2480":"n","2481":" ","2482":" ","2483":" ","2484":" ","2485":" ","2486":" ","2487":" ","2488":" ","2489":" ","2490":" ","2491":" ","2492":" ","2493":"c","2494":"i","2495":"t","2496":"a","2497":"s","2498":".","2499":"v","2500":"a","2501":"l","2502":"u","2503":"e","2504":" ","2505":"=","2506":" ","2507":"f","2508":"e","2509":"t","2510":"c","2511":"h","2512":"e","2513":"d","2514":"C","2515":"i","2516":"t","2517":"a","2518":"s","2519":";","2520":"\\","2521":"r","2522":"\\","2523":"n","2524":" ","2525":" ","2526":" ","2527":" ","2528":" ","2529":" ","2530":" ","2531":" ","2532":"}","2533":")","2534":";","2535":"\\","2536":"r","2537":"\\","2538":"n","2539":"\\","2540":"r","2541":"\\","2542":"n","2543":" ","2544":" ","2545":" ","2546":" ","2547":" ","2548":" ","2549":" ","2550":" ","2551":"/","2552":"/","2553":" ","2554":"F","2555":"o","2556":"r","2557":"m","2558":"a","2559":"t","2560":"e","2561":"a","2562":"r","2563":" ","2564":"l","2565":"a","2566":" ","2567":"f","2568":"e","2569":"c","2570":"h","2571":"a","2572":"\\","2573":"r","2574":"\\","2575":"n","2576":" ","2577":" ","2578":" ","2579":" ","2580":" ","2581":" ","2582":" ","2583":" ","2584":"f","2585":"u","2586":"n","2587":"c","2588":"t","2589":"i","2590":"o","2591":"n","2592":" ","2593":"f","2594":"o","2595":"r","2596":"m","2597":"a","2598":"t","2599":"D","2600":"a","2601":"t","2602":"e","2603":"(","2604":"d","2605":"a","2606":"t","2607":"e","2608":":","2609":" ","2610":"D","2611":"a","2612":"t","2613":"e","2614":" ","2615":"|","2616":" ","2617":"s","2618":"t","2619":"r","2620":"i","2621":"n","2622":"g","2623":")","2624":":","2625":" ","2626":"s","2627":"t","2628":"r","2629":"i","2630":"n","2631":"g","2632":" ","2633":"{","2634":"\\","2635":"r","2636":"\\","2637":"n","2638":" ","2639":" ","2640":" ","2641":" ","2642":" ","2643":" ","2644":" ","2645":" ","2646":" ","2647":" ","2648":" ","2649":" ","2650":"r","2651":"e","2652":"t","2653":"u","2654":"r","2655":"n","2656":" ","2657":"n","2658":"e","2659":"w","2660":" ","2661":"I","2662":"n","2663":"t","2664":"l","2665":".","2666":"D","2667":"a","2668":"t","2669":"e","2670":"T","2671":"i","2672":"m","2673":"e","2674":"F","2675":"o","2676":"r","2677":"m","2678":"a","2679":"t","2680":"(","2681":"'","2682":"e","2683":"s","2684":"-","2685":"E","2686":"S","2687":"'","2688":",","2689":" ","2690":"{","2691":"\\","2692":"r","2693":"\\","2694":"n","2695":" ","2696":" ","2697":" ","2698":" ","2699":" ","2700":" ","2701":" ","2702":" ","2703":" ","2704":" ","2705":" ","2706":" ","2707":" ","2708":" ","2709":" ","2710":" ","2711":"d","2712":"a","2713":"y","2714":":","2715":" ","2716":"'","2717":"n","2718":"u","2719":"m","2720":"e","2721":"r","2722":"i","2723":"c","2724":"'","2725":",","2726":"\\","2727":"r","2728":"\\","2729":"n","2730":" ","2731":" ","2732":" ","2733":" ","2734":" ","2735":" ","2736":" ","2737":" ","2738":" ","2739":" ","2740":" ","2741":" ","2742":" ","2743":" ","2744":" ","2745":" ","2746":"m","2747":"o","2748":"n","2749":"t","2750":"h","2751":":","2752":" ","2753":"'","2754":"l","2755":"o","2756":"n","2757":"g","2758":"'","2759":",","2760":"\\","2761":"r","2762":"\\","2763":"n","2764":" ","2765":" ","2766":" ","2767":" ","2768":" ","2769":" ","2770":" ","2771":" ","2772":" ","2773":" ","2774":" ","2775":" ","2776":" ","2777":" ","2778":" ","2779":" ","2780":"y","2781":"e","2782":"a","2783":"r","2784":":","2785":" ","2786":"'","2787":"n","2788":"u","2789":"m","2790":"e","2791":"r","2792":"i","2793":"c","2794":"'","2795":",","2796":"\\","2797":"r","2798":"\\","2799":"n","2800":" ","2801":" ","2802":" ","2803":" ","2804":" ","2805":" ","2806":" ","2807":" ","2808":" ","2809":" ","2810":" ","2811":" ","2812":" ","2813":" ","2814":" ","2815":" ","2816":"h","2817":"o","2818":"u","2819":"r","2820":":","2821":" ","2822":"'","2823":"n","2824":"u","2825":"m","2826":"e","2827":"r","2828":"i","2829":"c","2830":"'","2831":",","2832":"\\","2833":"r","2834":"\\","2835":"n","2836":" ","2837":" ","2838":" ","2839":" ","2840":" ","2841":" ","2842":" ","2843":" ","2844":" ","2845":" ","2846":" ","2847":" ","2848":" ","2849":" ","2850":" ","2851":" ","2852":"m","2853":"i","2854":"n","2855":"u","2856":"t","2857":"e","2858":":","2859":" ","2860":"'","2861":"n","2862":"u","2863":"m","2864":"e","2865":"r","2866":"i","2867":"c","2868":"'","2869":"\\","2870":"r","2871":"\\","2872":"n","2873":" ","2874":" ","2875":" ","2876":" ","2877":" ","2878":" ","2879":" ","2880":" ","2881":" ","2882":" ","2883":" ","2884":" ","2885":"}","2886":")","2887":".","2888":"f","2889":"o","2890":"r","2891":"m","2892":"a","2893":"t","2894":"(","2895":"n","2896":"e","2897":"w","2898":" ","2899":"D","2900":"a","2901":"t","2902":"e","2903":"(","2904":"d","2905":"a","2906":"t","2907":"e","2908":")","2909":")","2910":"\\","2911":"r","2912":"\\","2913":"n","2914":" ","2915":" ","2916":" ","2917":" ","2918":" ","2919":" ","2920":" ","2921":" ","2922":"}","2923":"\\","2924":"r","2925":"\\","2926":"n","2927":" ","2928":" ","2929":" ","2930":" ","2931":" ","2932":" ","2933":" ","2934":" ","2935":"/","2936":"/","2937":" ","2938":"f","2939":"u","2940":"n","2941":"c","2942":"i","2943":"ó","2944":"n","2945":" ","2946":"q","2947":"u","2948":"e","2949":" ","2950":"l","2951":"l","2952":"a","2953":"m","2954":"a","2955":" ","2956":"a","2957":"l","2958":" ","2959":"s","2960":"e","2961":"r","2962":"v","2963":"i","2964":"c","2965":"i","2966":"o","2967":" ","2968":"p","2969":"a","2970":"r","2971":"a","2972":" ","2973":"e","2974":"l","2975":"i","2976":"m","2977":"i","2978":"n","2979":"a","2980":"r","2981":" ","2982":"u","2983":"n","2984":"a","2985":" ","2986":"c","2987":"i","2988":"t","2989":"a","2990":"\\","2991":"r","2992":"\\","2993":"n","2994":" ","2995":" ","2996":" ","2997":" ","2998":" ","2999":" ","3000":" ","3001":" ","3002":"c","3003":"o","3004":"n","3005":"s","3006":"t","3007":" ","3008":"e","3009":"l","3010":"i","3011":"m","3012":"i","3013":"n","3014":"a","3015":"r","3016":"C","3017":"i","3018":"t","3019":"a","3020":" ","3021":"=","3022":" ","3023":"a","3024":"s","3025":"y","3026":"n","3027":"c","3028":" ","3029":"(","3030":"i","3031":"d","3032":":","3033":" ","3034":"n","3035":"u","3036":"m","3037":"b","3038":"e","3039":"r","3040":")","3041":" ","3042":"=","3043":">","3044":" ","3045":"{","3046":"\\","3047":"r","3048":"\\","3049":"n","3050":" ","3051":" ","3052":" ","3053":" ","3054":" ","3055":" ","3056":" ","3057":" ","3058":" ","3059":" ","3060":" ","3061":" ","3062":"t","3063":"r","3064":"y","3065":" ","3066":"{","3067":"\\","3068":"r","3069":"\\","3070":"n","3071":" ","3072":" ","3073":" ","3074":" ","3075":" ","3076":" ","3077":" ","3078":" ","3079":" ","3080":" ","3081":" ","3082":" ","3083":" ","3084":" ","3085":" ","3086":" ","3087":"a","3088":"w","3089":"a","3090":"i","3091":"t","3092":" ","3093":"s","3094":"e","3095":"r","3096":"v","3097":"i","3098":"c","3099":"e","3100":".","3101":"d","3102":"e","3103":"l","3104":"e","3105":"t","3106":"e","3107":"C","3108":"i","3109":"t","3110":"a","3111":"s","3112":"(","3113":"i","3114":"d","3115":")","3116":";","3117":"\\","3118":"r","3119":"\\","3120":"n","3121":" ","3122":" ","3123":" ","3124":" ","3125":" ","3126":" ","3127":" ","3128":" ","3129":" ","3130":" ","3131":" ","3132":" ","3133":" ","3134":" ","3135":" ","3136":" ","3137":"c","3138":"o","3139":"n","3140":"s","3141":"t","3142":" ","3143":"f","3144":"e","3145":"t","3146":"c","3147":"h","3148":"e","3149":"d","3150":"C","3151":"i","3152":"t","3153":"a","3154":"s","3155":" ","3156":"=","3157":" ","3158":"a","3159":"w","3160":"a","3161":"i","3162":"t","3163":" ","3164":"s","3165":"e","3166":"r","3167":"v","3168":"i","3169":"c","3170":"e","3171":".","3172":"f","3173":"e","3174":"t","3175":"c","3176":"h","3177":"C","3178":"i","3179":"t","3180":"a","3181":"s","3182":"(","3183":")","3184":"\\","3185":"r","3186":"\\","3187":"n","3188":" ","3189":" ","3190":" ","3191":" ","3192":" ","3193":" ","3194":" ","3195":" ","3196":" ","3197":" ","3198":" ","3199":" ","3200":" ","3201":" ","3202":" ","3203":" ","3204":"c","3205":"i","3206":"t","3207":"a","3208":"s","3209":".","3210":"v","3211":"a","3212":"l","3213":"u","3214":"e","3215":" ","3216":"=","3217":" ","3218":"f","3219":"e","3220":"t","3221":"c","3222":"h","3223":"e","3224":"d","3225":"C","3226":"i","3227":"t","3228":"a","3229":"s","3230":"\\","3231":"r","3232":"\\","3233":"n","3234":"\\","3235":"r","3236":"\\","3237":"n","3238":" ","3239":" ","3240":" ","3241":" ","3242":" ","3243":" ","3244":" ","3245":" ","3246":" ","3247":" ","3248":" ","3249":" ","3250":"}","3251":" ","3252":"c","3253":"a","3254":"t","3255":"c","3256":"h","3257":" ","3258":"(","3259":"e","3260":"r","3261":"r","3262":"o","3263":"r","3264":")","3265":" ","3266":"{","3267":"\\","3268":"r","3269":"\\","3270":"n","3271":" ","3272":" ","3273":" ","3274":" ","3275":" ","3276":" ","3277":" ","3278":" ","3279":" ","3280":" ","3281":" ","3282":" ","3283":" ","3284":" ","3285":" ","3286":" ","3287":"c","3288":"o","3289":"n","3290":"s","3291":"o","3292":"l","3293":"e","3294":".","3295":"e","3296":"r","3297":"r","3298":"o","3299":"r","3300":"(","3301":"\\","3302":"\"","3303":"f","3304":"a","3305":"l","3306":"l","3307":"o","3308":" ","3309":"a","3310":"l","3311":" ","3312":"b","3313":"o","3314":"r","3315":"r","3316":"a","3317":"r","3318":" ","3319":"l","3320":"a","3321":" ","3322":"c","3323":"i","3324":"t","3325":"a","3326":"\\","3327":"\"","3328":",","3329":" ","3330":"e","3331":"r","3332":"r","3333":"o","3334":"r","3335":")","3336":"\\","3337":"r","3338":"\\","3339":"n","3340":" ","3341":" ","3342":" ","3343":" ","3344":" ","3345":" ","3346":" ","3347":" ","3348":" ","3349":" ","3350":" ","3351":" ","3352":"}","3353":"\\","3354":"r","3355":"\\","3356":"n","3357":" ","3358":" ","3359":" ","3360":" ","3361":" ","3362":" ","3363":" ","3364":" ","3365":"}","3366":"\\","3367":"r","3368":"\\","3369":"n","3370":"\\","3371":"r","3372":"\\","3373":"n","3374":" ","3375":" ","3376":" ","3377":" ","3378":" ","3379":" ","3380":" ","3381":" ","3382":"r","3383":"e","3384":"t","3385":"u","3386":"r","3387":"n","3388":" ","3389":"{","3390":"\\","3391":"r","3392":"\\","3393":"n","3394":" ","3395":" ","3396":" ","3397":" ","3398":" ","3399":" ","3400":" ","3401":" ","3402":" ","3403":" ","3404":" ","3405":" ","3406":"c","3407":"i","3408":"t","3409":"a","3410":"s","3411":",","3412":"\\","3413":"r","3414":"\\","3415":"n","3416":" ","3417":" ","3418":" ","3419":" ","3420":" ","3421":" ","3422":" ","3423":" ","3424":" ","3425":" ","3426":" ","3427":" ","3428":"f","3429":"o","3430":"r","3431":"m","3432":"a","3433":"t","3434":"D","3435":"a","3436":"t","3437":"e","3438":",","3439":"\\","3440":"r","3441":"\\","3442":"n","3443":" ","3444":" ","3445":" ","3446":" ","3447":" ","3448":" ","3449":" ","3450":" ","3451":" ","3452":" ","3453":" ","3454":" ","3455":"e","3456":"l","3457":"i","3458":"m","3459":"i","3460":"n","3461":"a","3462":"r","3463":"C","3464":"i","3465":"t","3466":"a","3467":"\\","3468":"r","3469":"\\","3470":"n","3471":" ","3472":" ","3473":" ","3474":" ","3475":" ","3476":" ","3477":" ","3478":" ","3479":"}","3480":";","3481":"\\","3482":"r","3483":"\\","3484":"n","3485":" ","3486":" ","3487":" ","3488":" ","3489":"}","3490":"\\","3491":"r","3492":"\\","3493":"n","3494":"}","3495":";","3496":"\\","3497":"r","3498":"\\","3499":"n","3500":"\\","3501":"r","3502":"\\","3503":"n","3504":"<","3505":"/","3506":"s","3507":"c","3508":"r","3509":"i","3510":"p","3511":"t","3512":">","3513":"\\","3514":"r","3515":"\\","3516":"n","3517":"\\","3518":"r","3519":"\\","3520":"n","3521":"<","3522":"s","3523":"t","3524":"y","3525":"l","3526":"e","3527":" ","3528":"s","3529":"c","3530":"o","3531":"p","3532":"e","3533":"d","3534":">","3535":"\\","3536":"r","3537":"\\","3538":"n","3539":".","3540":"l","3541":"i","3542":"s","3543":"t","3544":" ","3545":"{","3546":"\\","3547":"r","3548":"\\","3549":"n","3550":" ","3551":" ","3552":" ","3553":" ","3554":"d","3555":"i","3556":"s","3557":"p","3558":"l","3559":"a","3560":"y","3561":":","3562":" ","3563":"g","3564":"r","3565":"i","3566":"d","3567":";","3568":"\\","3569":"r","3570":"\\","3571":"n","3572":" ","3573":" ","3574":" ","3575":" ","3576":"g","3577":"a","3578":"p","3579":":","3580":" ","3581":"1","3582":"r","3583":"e","3584":"m","3585":";","3586":"\\","3587":"r","3588":"\\","3589":"n","3590":" ","3591":" ","3592":" ","3593":" ","3594":"l","3595":"i","3596":"s","3597":"t","3598":"-","3599":"s","3600":"t","3601":"y","3602":"l","3603":"e","3604":":","3605":" ","3606":"n","3607":"o","3608":"n","3609":"e","3610":";","3611":"\\","3612":"r","3613":"\\","3614":"n","3615":" ","3616":" ","3617":" ","3618":" ","3619":"p","3620":"a","3621":"d","3622":"d","3623":"i","3624":"n","3625":"g","3626":":","3627":" ","3628":"0","3629":";","3630":"\\","3631":"r","3632":"\\","3633":"n","3634":" ","3635":" ","3636":" ","3637":" ","3638":"m","3639":"a","3640":"r","3641":"g","3642":"i","3643":"n","3644":":","3645":" ","3646":"0","3647":" ","3648":"a","3649":"u","3650":"t","3651":"o","3652":";","3653":"\\","3654":"r","3655":"\\","3656":"n","3657":" ","3658":" ","3659":" ","3660":" ","3661":"w","3662":"i","3663":"d","3664":"t","3665":"h","3666":":","3667":" ","3668":"7","3669":"0","3670":"v","3671":"w","3672":";","3673":"\\","3674":"r","3675":"\\","3676":"n","3677":"\\","3678":"r","3679":"\\","3680":"n","3681":" ","3682":" ","3683":" ","3684":" ","3685":"l","3686":"i","3687":" ","3688":"{","3689":"\\","3690":"r","3691":"\\","3692":"n","3693":" ","3694":" ","3695":" ","3696":" ","3697":" ","3698":" ","3699":" ","3700":" ","3701":"d","3702":"i","3703":"s","3704":"p","3705":"l","3706":"a","3707":"y","3708":":","3709":" ","3710":"g","3711":"r","3712":"i","3713":"d","3714":";","3715":"\\","3716":"r","3717":"\\","3718":"n","3719":" ","3720":" ","3721":" ","3722":" ","3723":" ","3724":" ","3725":" ","3726":" ","3727":"g","3728":"r","3729":"i","3730":"d","3731":"-","3732":"t","3733":"e","3734":"m","3735":"p","3736":"l","3737":"a","3738":"t","3739":"e","3740":"-","3741":"c","3742":"o","3743":"l","3744":"u","3745":"m","3746":"n","3747":"s","3748":":","3749":" ","3750":"r","3751":"e","3752":"p","3753":"e","3754":"a","3755":"t","3756":"(","3757":"4","3758":",","3759":" ","3760":"1","3761":"f","3762":"r","3763":")","3764":";","3765":"\\","3766":"r","3767":"\\","3768":"n","3769":" ","3770":" ","3771":" ","3772":" ","3773":" ","3774":" ","3775":" ","3776":" ","3777":"j","3778":"u","3779":"s","3780":"t","3781":"i","3782":"f","3783":"y","3784":"-","3785":"c","3786":"o","3787":"n","3788":"t","3789":"e","3790":"n","3791":"t","3792":":","3793":" ","3794":"s","3795":"t","3796":"a","3797":"r","3798":"t","3799":";","3800":"\\","3801":"r","3802":"\\","3803":"n","3804":" ","3805":" ","3806":" ","3807":" ","3808":" ","3809":" ","3810":" ","3811":" ","3812":"a","3813":"l","3814":"i","3815":"g","3816":"n","3817":"-","3818":"i","3819":"t","3820":"e","3821":"m","3822":"s","3823":":","3824":" ","3825":"c","3826":"e","3827":"n","3828":"t","3829":"e","3830":"r","3831":";","3832":"\\","3833":"r","3834":"\\","3835":"n","3836":" ","3837":" ","3838":" ","3839":" ","3840":" ","3841":" ","3842":" ","3843":" ","3844":"p","3845":"a","3846":"d","3847":"d","3848":"i","3849":"n","3850":"g","3851":":","3852":" ","3853":"1","3854":"5","3855":"p","3856":"x","3857":";","3858":"\\","3859":"r","3860":"\\","3861":"n","3862":" ","3863":" ","3864":" ","3865":" ","3866":" ","3867":" ","3868":" ","3869":" ","3870":"b","3871":"a","3872":"c","3873":"k","3874":"g","3875":"r","3876":"o","3877":"u","3878":"n","3879":"d","3880":"-","3881":"c","3882":"o","3883":"l","3884":"o","3885":"r","3886":":","3887":" ","3888":"#","3889":"b","3890":"c","3891":"e","3892":"2","3893":"d","3894":"1","3895":";","3896":"\\","3897":"r","3898":"\\","3899":"n","3900":" ","3901":" ","3902":" ","3903":" ","3904":" ","3905":" ","3906":" ","3907":" ","3908":"b","3909":"o","3910":"r","3911":"d","3912":"e","3913":"r","3914":"-","3915":"r","3916":"a","3917":"d","3918":"i","3919":"u","3920":"s","3921":":","3922":" ","3923":"5","3924":"p","3925":"x","3926":";","3927":"\\","3928":"r","3929":"\\","3930":"n","3931":" ","3932":" ","3933":" ","3934":" ","3935":" ","3936":" ","3937":" ","3938":" ","3939":"b","3940":"o","394
[...]
:"a","1348":"c","1349":"i","1350":"e","1351":"n","1352":"t","1353":"e","1354":".","1355":"n","1356":"o","1357":"m","1358":"b","1359":"r","1360":"e","1361":" ","1362":"}","1363":"}","1364":"<","1365":"/","1366":"p","1367":">","1368":"\\","1369":"r","1370":"\\","1371":"n","1372":" ","1373":" ","1374":" ","1375":" ","1376":" ","1377":" ","1378":" ","1379":" ","1380":" ","1381":" ","1382":" ","1383":" ","1384":" ","1385":" ","1386":" ","1387":" ","1388":"<","1389":"p","1390":">","1391":"<","1392":"s","1393":"t","1394":"r","1395":"o","1396":"n","1397":"g","1398":">","1399":"A","1400":"p","1401":"e","1402":"l","1403":"l","1404":"i","1405":"d","1406":"o","1407":"s","1408":":","1409":" ","1410":"<","1411":"/","1412":"s","1413":"t","1414":"r","1415":"o","1416":"n","1417":"g","1418":">","1419":"{","1420":"{","1421":" ","1422":"p","1423":"a","1424":"c","1425":"i","1426":"e","1427":"n","1428":"t","1429":"e","1430":".","1431":"a","1432":"p","1433":"e","1434":"l","1435":"l","1436":"i","1437":"d","1438":"o","1439":"s","1440":" ","1441":"}","1442":"}","1443":"<","1444":"/","1445":"p","1446":">","1447":"\\","1448":"r","1449":"\\","1450":"n","1451":" ","1452":" ","1453":" ","1454":" ","1455":" ","1456":" ","1457":" ","1458":" ","1459":" ","1460":" ","1461":" ","1462":" ","1463":" ","1464":" ","1465":" ","1466":" ","1467":"<","1468":"p","1469":">","1470":"<","1471":"s","1472":"t","1473":"r","1474":"o","1475":"n","1476":"g","1477":">","1478":"N","1479":"S","1480":"S","1481":":","1482":" ","1483":"<","1484":"/","1485":"s","1486":"t","1487":"r","1488":"o","1489":"n","1490":"g","1491":">","1492":"{","1493":"{","1494":" ","1495":"p","1496":"a","1497":"c","1498":"i","1499":"e","1500":"n","1501":"t","1502":"e","1503":".","1504":"n","1505":"s","1506":"s","1507":" ","1508":"}","1509":"}","1510":"<","1511":"/","1512":"p","1513":">","1514":"\\","1515":"r","1516":"\\","1517":"n","1518":" ","1519":" ","1520":" ","1521":" ","1522":" ","1523":" ","1524":" ","1525":" ","1526":" ","1527":" ","1528":" ","1529":" ","1530":" ","1531":" ","1532":" ","1533":" ","1534":"<","1535":"p","1536":">","1537":"<","1538":"s","1539":"t","1540":"r","1541":"o","1542":"n","1543":"g","1544":">","1545":"D","1546":"i","1547":"r","1548":"e","1549":"c","1550":"c","1551":"i","1552":"&","1553":"o","1554":"a","1555":"c","1556":"u","1557":"t","1558":"e","1559":";","1560":"n","1561":":","1562":" ","1563":"<","1564":"/","1565":"s","1566":"t","1567":"r","1568":"o","1569":"n","1570":"g","1571":">","1572":"{","1573":"{","1574":" ","1575":"p","1576":"a","1577":"c","1578":"i","1579":"e","1580":"n","1581":"t","1582":"e","1583":".","1584":"d","1585":"i","1586":"r","1587":"e","1588":"c","1589":"c","1590":"i","1591":"o","1592":"n","1593":" ","1594":"}","1595":"}","1596":"<","1597":"/","1598":"p","1599":">","1600":"\\","1601":"r","1602":"\\","1603":"n","1604":" ","1605":" ","1606":" ","1607":" ","1608":" ","1609":" ","1610":" ","1611":" ","1612":" ","1613":" ","1614":" ","1615":" ","1616":" ","1617":" ","1618":" ","1619":" ","1620":"<","1621":"p","1622":">","1623":"<","1624":"s","1625":"t","1626":"r","1627":"o","1628":"n","1629":"g","1630":">","1631":"T","1632":"e","1633":"l","1634":"&","1635":"e","1636":"a","1637":"c","1638":"u","1639":"t","1640":"e","1641":";","1642":"f","1643":"o","1644":"n","1645":"o","1646":":","1647":" ","1648":"<","1649":"/","1650":"s","1651":"t","1652":"r","1653":"o","1654":"n","1655":"g","1656":">","1657":"{","1658":"{","1659":" ","1660":"p","1661":"a","1662":"c","1663":"i","1664":"e","1665":"n","1666":"t","1667":"e","1668":".","1669":"t","1670":"e","1671":"l","1672":"e","1673":"f","1674":"o","1675":"n","1676":"o","1677":" ","1678":"}","1679":"}","1680":"<","1681":"/","1682":"p","1683":">","1684":"\\","1685":"r","1686":"\\","1687":"n","1688":" ","1689":" ","1690":" ","1691":" ","1692":" ","1693":" ","1694":" ","1695":" ","1696":" ","1697":" ","1698":" ","1699":" ","1700":"<","1701":"/","1702":"l","1703":"i","1704":">","1705":"\\","1706":"r","1707":"\\","1708":"n","1709":" ","1710":" ","1711":" ","1712":" ","1713":" ","1714":" ","1715":" ","1716":" ","1717":"<","1718":"/","1719":"u","1720":"l","1721":">","1722":"\\","1723":"r","1724":"\\","1725":"n","1726":" ","1727":" ","1728":" ","1729":" ","1730":" ","1731":" ","1732":" ","1733":" ","1734":"<","1735":"r","1736":"o","1737":"u","1738":"t","1739":"e","1740":"r","1741":"-","1742":"l","1743":"i","1744":"n","1745":"k","1746":" ","1747":"c","1748":"l","1749":"a","1750":"s","1751":"s","1752":"=","1753":"\\","1754":"\"","1755":"b","1756":"t","1757":"-","1758":"v","1759":"o","1760":"l","1761":"v","1762":"e","1763":"r","1764":"\\","1765":"\"","1766":" ","1767":":","1768":"t","1769":"o","1770":"=","1771":"\\","1772":"\"","1773":"{","1774":" ","1775":"n","1776":"a","1777":"m","1778":"e","1779":":","1780":" ","1781":"'","1782":"p","1783":"a","1784":"c","1785":"i","1786":"e","1787":"n","1788":"t","1789":"e","1790":"s","1791":"'","1792":" ","1793":"}","1794":"\\","1795":"\"","1796":">","1797":"V","1798":"o","1799":"l","1800":"v","1801":"e","1802":"r","1803":"<","1804":"/","1805":"r","1806":"o","1807":"u","1808":"t","1809":"e","1810":"r","1811":"-","1812":"l","1813":"i","1814":"n","1815":"k","1816":">","1817":"\\","1818":"r","1819":"\\","1820":"n","1821":" ","1822":" ","1823":" ","1824":" ","1825":"<","1826":"/","1827":"d","1828":"i","1829":"v","1830":">","1831":"\\","1832":"r","1833":"\\","1834":"n","1835":"<","1836":"/","1837":"t","1838":"e","1839":"m","1840":"p","1841":"l","1842":"a","1843":"t","1844":"e","1845":">","1846":"\\","1847":"r","1848":"\\","1849":"n","1850":"\\","1851":"r","1852":"\\","1853":"n","1854":"<","1855":"s","1856":"c","1857":"r","1858":"i","1859":"p","1860":"t","1861":" ","1862":"l","1863":"a","1864":"n","1865":"g","1866":"=","1867":"\\","1868":"\"","1869":"t","1870":"s","1871":"\\","1872":"\"","1873":">","1874":"\\","1875":"r","1876":"\\","1877":"n","1878":"i","1879":"m","1880":"p","1881":"o","1882":"r","1883":"t","1884":" ","1885":"{","1886":" ","1887":"P","1888":"a","1889":"c","1890":"i","1891":"e","1892":"n","1893":"t","1894":"e","1895":" ","1896":"}","1897":" ","1898":"f","1899":"r","1900":"o","1901":"m","1902":" ","1903":"'","1904":"@","1905":"/","1906":"i","1907":"n","1908":"t","1909":"e","1910":"r","1911":"f","1912":"a","1913":"c","1914":"e","1915":"s","1916":"/","1917":"P","1918":"a","1919":"c","1920":"i","1921":"e","1922":"n","1923":"t","1924":"e","1925":"'","1926":"\\","1927":"r","1928":"\\","1929":"n","1930":"i","1931":"m","1932":"p","1933":"o","1934":"r","1935":"t","1936":" ","1937":"P","1938":"a","1939":"c","1940":"i","1941":"e","1942":"n","1943":"t","1944":"e","1945":"s","1946":"L","1947":"i","1948":"s","1949":"t","1950":"S","1951":"e","1952":"r","1953":"v","1954":"i","1955":"c","1956":"e","1957":" ","1958":"f","1959":"r","1960":"o","1961":"m","1962":" ","1963":"'","1964":"@","1965":"/","1966":"s","1967":"e","1968":"r","1969":"v","1970":"i","1971":"c","1972":"e","1973":"s","1974":"/","1975":"P","1976":"a","1977":"c","1978":"i","1979":"e","1980":"n","1981":"t","1982":"e","1983":"s","1984":"S","1985":"e","1986":"r","1987":"v","1988":"i","1989":"c","1990":"e","1991":"'","1992":"\\","1993":"r","1994":"\\","1995":"n","1996":"i","1997":"m","1998":"p","1999":"o","2000":"r","2001":"t","2002":" ","2003":"{","2004":" ","2005":"R","2006":"e","2007":"f","2008":",","2009":" ","2010":"d","2011":"e","2012":"f","2013":"i","2014":"n","2015":"e","2016":"C","2017":"o","2018":"m","2019":"p","2020":"o","2021":"n","2022":"e","2023":"n","2024":"t","2025":",","2026":" ","2027":"o","2028":"n","2029":"M","2030":"o","2031":"u","2032":"n","2033":"t","2034":"e","2035":"d","2036":",","2037":" ","2038":"r","2039":"e","2040":"f","2041":" ","2042":"}","2043":" ","2044":"f","2045":"r","2046":"o","2047":"m","2048":" ","2049":"'","2050":"v","2051":"u","2052":"e","2053":"'","2054":"\\","2055":"r","2056":"\\","2057":"n","2058":"i","2059":"m","2060":"p","2061":"o","2062":"r","2063":"t","2064":" ","2065":"{","2066":" ","2067":"u","2068":"s","2069":"e","2070":"R","2071":"o","2072":"u","2073":"t","2074":"e","2075":" ","2076":"}","2077":" ","2078":"f","2079":"r","2080":"o","2081":"m","2082":" ","2083":"'","2084":"v","2085":"u","2086":"e","2087":"-","2088":"r","2089":"o","2090":"u","2091":"t","2092":"e","2093":"r","2094":"'","2095":"\\","2096":"r","2097":"\\","2098":"n","2099":"\\","2100":"r","2101":"\\","2102":"n","2103":"e","2104":"x","2105":"p","2106":"o","2107":"r","2108":"t","2109":" ","2110":"d","2111":"e","2112":"f","2113":"a","2114":"u","2115":"l","2116":"t","2117":" ","2118":"d","2119":"e","2120":"f","2121":"i","2122":"n","2123":"e","2124":"C","2125":"o","2126":"m","2127":"p","2128":"o","2129":"n","2130":"e","2131":"n","2132":"t","2133":"(","2134":"{","2135":"\\","2136":"r","2137":"\\","2138":"n","2139":" ","2140":" ","2141":" ","2142":" ","2143":"n","2144":"a","2145":"m","2146":"e","2147":":","2148":" ","2149":"'","2150":"P","2151":"a","2152":"c","2153":"i","2154":"e","2155":"n","2156":"t","2157":"e","2158":"D","2159":"e","2160":"t","2161":"a","2162":"i","2163":"l","2164":"V","2165":"i","2166":"e","2167":"w","2168":"'","2169":",","2170":"\\","2171":"r","2172":"\\","2173":"n","2174":" ","2175":" ","2176":" ","2177":" ","2178":"s","2179":"e","2180":"t","2181":"u","2182":"p","2183":"(","2184":")","2185":" ","2186":"{","2187":"\\","2188":"r","2189":"\\","2190":"n","2191":" ","2192":" ","2193":" ","2194":" ","2195":" ","2196":" ","2197":" ","2198":" ","2199":"c","2200":"o","2201":"n","2202":"s","2203":"t","2204":" ","2205":"s","2206":"e","2207":"r","2208":"v","2209":"i","2210":"c","2211":"e","2212":" ","2213":"=","2214":" ","2215":"n","2216":"e","2217":"w","2218":" ","2219":"P","2220":"a","2221":"c","2222":"i","2223":"e","2224":"n","2225":"t","2226":"e","2227":"s","2228":"L","2229":"i","2230":"s","2231":"t","2232":"S","2233":"e","2234":"r","2235":"v","2236":"i","2237":"c","2238":"e","2239":"(","2240":")","2241":"\\","2242":"r","2243":"\\","2244":"n","2245":" ","2246":" ","2247":" ","2248":" ","2249":" ","2250":" ","2251":" ","2252":" ","2253":"c","2254":"o","2255":"n","2256":"s","2257":"t","2258":" ","2259":"p","2260":"a","2261":"c","2262":"i","2263":"e","2264":"n","2265":"t","2266":"e","2267":":","2268":" ","2269":"R","2270":"e","2271":"f","2272":"<","2273":"P","2274":"a","2275":"c","2276":"i","2277":"e","2278":"n","2279":"t","2280":"e","2281":">","2282":" ","2283":"=","2284":" ","2285":"r","2286":"e","2287":"f","2288":"(","2289":"{","2290":"\\","2291":"r","2292":"\\","2293":"n","2294":" ","2295":" ","2296":" ","2297":" ","2298":" ","2299":" ","2300":" ","2301":" ","2302":" ","2303":" ","2304":" ","2305":" ","2306":"n","2307":"o","2308":"m","2309":"b","2310":"r","2311":"e","2312":":","2313":" ","2314":"'","2315":"'","2316":",","2317":"\\","2318":"r","2319":"\\","2320":"n","2321":" ","2322":" ","2323":" ","2324":" ","2325":" ","2326":" ","2327":" ","2328":" ","2329":" ","2330":" ","2331":" ","2332":" ","2333":"a","2334":"p","2335":"e","2336":"l","2337":"l","2338":"i","2339":"d","2340":"o","2341":"s","2342":":","2343":" ","2344":"'","2345":"'","2346":",","2347":"\\","2348":"r","2349":"\\","2350":"n","2351":" ","2352":" ","2353":" ","2354":" ","2355":" ","2356":" ","2357":" ","2358":" ","2359":" ","2360":" ","2361":" ","2362":" ","2363":"n","2364":"s","2365":"s","2366":":","2367":" ","2368":"'","2369":"'","2370":",","2371":"\\","2372":"r","2373":"\\","2374":"n","2375":" ","2376":" ","2377":" ","2378":" ","2379":" ","2380":" ","2381":" ","2382":" ","2383":" ","2384":" ","2385":" ","2386":" ","2387":"d","2388":"i","2389":"r","2390":"e","2391":"c","2392":"c","2393":"i","2394":"o","2395":"n","2396":":","2397":" ","2398":"'","2399":"'","2400":",","2401":"\\","2402":"r","2403":"\\","2404":"n","2405":" ","2406":" ","2407":" ","2408":" ","2409":" ","2410":" ","2411":" ","2412":" ","2413":" ","2414":" ","2415":" ","2416":" ","2417":"t","2418":"e","2419":"l","2420":"e","2421":"f","2422":"o","2423":"n","2424":"o","2425":":","2426":" ","2427":"'","2428":"'","2429":"\\","2430":"r","2431":"\\","2432":"n","2433":" ","2434":" ","2435":" ","2436":" ","2437":" ","2438":" ","2439":" ","2440":" ","2441":"}","2442":" ","2443":"a","2444":"s","2445":" ","2446":"P","2447":"a","2448":"c","2449":"i","2450":"e","2451":"n","2452":"t","2453":"e","2454":")","2455":"\\","2456":"r","2457":"\\","2458":"n","2459":"\\","2460":"r","2461":"\\","2462":"n","2463":" ","2464":" ","2465":" ","2466":" ","2467":" ","2468":" ","2469":" ","2470":" ","2471":"o","2472":"n","2473":"M","2474":"o","2475":"u","2476":"n","2477":"t","2478":"e","2479":"d","2480":"(","2481":"a","2482":"s","2483":"y","2484":"n","2485":"c","2486":" ","2487":"(","2488":")","2489":" ","2490":"=","2491":">","2492":" ","2493":"{","2494":"\\","2495":"r","2496":"\\","2497":"n","2498":" ","2499":" ","2500":" ","2501":" ","2502":" ","2503":" ","2504":" ","2505":" ","2506":" ","2507":" ","2508":" ","2509":" ","2510":"c","2511":"o","2512":"n","2513":"s","2514":"t","2515":" ","2516":"r","2517":"o","2518":"u","2519":"t","2520":"e","2521":" ","2522":"=","2523":" ","2524":"u","2525":"s","2526":"e","2527":"R","2528":"o","2529":"u","2530":"t","2531":"e","2532":"(","2533":")","2534":"\\","2535":"r","2536":"\\","2537":"n","2538":" ","2539":" ","2540":" ","2541":" ","2542":" ","2543":" ","2544":" ","2545":" ","2546":" ","2547":" ","2548":" ","2549":" ","2550":"i","2551":"f","2552":" ","2553":"(","2554":"r","2555":"o","2556":"u","2557":"t","2558":"e","2559":".","2560":"p","2561":"a","2562":"r","2563":"a","2564":"m","2565":"s","2566":" ","2567":"&","2568":"&","2569":" ","2570":"r","2571":"o","2572":"u","2573":"t","2574":"e","2575":".","2576":"p","2577":"a","2578":"r","2579":"a","2580":"m","2581":"s","2582":".","2583":"n","2584":"s","2585":"s","2586":")","2587":" ","2588":"{","2589":"\\","2590":"r","2591":"\\","2592":"n","2593":" ","2594":" ","2595":" ","2596":" ","2597":" ","2598":" ","2599":" ","2600":" ","2601":" ","2602":" ","2603":" ","2604":" ","2605":" ","2606":" ","2607":" ","2608":" ","2609":"i","2610":"f","2611":"(","2612":"A","2613":"r","2614":"r","2615":"a","2616":"y","2617":".","2618":"i","2619":"s","2620":"A","2621":"r","2622":"r","2623":"a","2624":"y","2625":"(","2626":"r","2627":"o","2628":"u","2629":"t","2630":"e","2631":".","2632":"p","2633":"a","2634":"r","2635":"a","2636":"m","2637":"s","2638":".","2639":"n","2640":"s","2641":"s","2642":")","2643":")","2644":"{","2645":"\\","2646":"r","2647":"\\","2648":"n","2649":" ","2650":" ","2651":" ","2652":" ","2653":" ","2654":" ","2655":" ","2656":" ","2657":" ","2658":" ","2659":" ","2660":" ","2661":" ","2662":" ","2663":" ","2664":" ","2665":" ","2666":" ","2667":" ","2668":" ","2669":"r","2670":"o","2671":"u","2672":"t","2673":"e","2674":".","2675":"p","2676":"a","2677":"r","2678":"a","2679":"m","2680":"s","2681":".","2682":"n","2683":"s","2684":"s","2685":" ","2686":"=","2687":" ","2688":"r","2689":"o","2690":"u","2691":"t","2692":"e","2693":".","2694":"p","2695":"a","2696":"r","2697":"a","2698":"m","2699":"s","2700":".","2701":"n","2702":"s","2703":"s","2704":"[","2705":"0","2706":"]","2707":"\\","2708":"r","2709":"\\","2710":"n","2711":" ","2712":" ","2713":" ","2714":" ","2715":" ","2716":" ","2717":" ","2718":" ","2719":" ","2720":" ","2721":" ","2722":" ","2723":" ","2724":" ","2725":" ","2726":" ","2727":"}","2728":"\\","2729":"r","2730":"\\","2731":"n","2732":" ","2733":" ","2734":" ","2735":" ","2736":" ","2737":" ","2738":" ","2739":" ","2740":" ","2741":" ","2742":" ","2743":" ","2744":" ","2745":" ","2746":" ","2747":" ","2748":"l","2749":"e","2750":"t","2751":" ","2752":"n","2753":"s","2754":"s","2755":":","2756":"s","2757":"t","2758":"r","2759":"i","2760":"n","2761":"g","2762":" ","2763":"=","2764":" ","2765":"r","2766":"o","2767":"u","2768":"t","2769":"e","2770":".","2771":"p","2772":"a","2773":"r","2774":"a","2775":"m","2776":"s","2777":".","2778":"n","2779":"s","2780":"s","2781":"\\","2782":"r","2783":"\\","2784":"n","2785":" ","2786":" ","2787":" ","2788":" ","2789":" ","2790":" ","2791":" ","2792":" ","2793":" ","2794":" ","2795":" ","2796":" ","2797":" ","2798":" ","2799":" ","2800":" ","2801":"c","2802":"o","2803":"n","2804":"s","2805":"t","2806":" ","2807":"f","2808":"e","2809":"t","2810":"c","2811":"h","2812":"e","2813":"d","2814":"P","2815":"a","2816":"c","2817":"i","2818":"e","2819":"n","2820":"t","2821":"e","2822":" ","2823":"=","2824":" ","2825":"a","2826":"w","2827":"a","2828":"i","2829":"t","2830":" ","2831":"s","2832":"e","2833":"r","2834":"v","2835":"i","2836":"c","2837":"e","2838":".","2839":"g","2840":"e","2841":"t","2842":"P","2843":"a","2844":"c","2845":"i","2846":"e","2847":"n","2848":"t","2849":"e","2850":"(","2851":"n","2852":"s","2853":"s","2854":")","2855":"\\","2856":"r","2857":"\\","2858":"n","2859":" ","2860":" ","2861":" ","2862":" ","2863":" ","2864":" ","2865":" ","2866":" ","2867":" ","2868":" ","2869":" ","2870":" ","2871":" ","2872":" ","2873":" ","2874":" ","2875":"i","2876":"f","2877":" ","2878":"(","2879":"f","2880":"e","2881":"t","2882":"c","2883":"h","2884":"e","2885":"d","2886":"P","2887":"a","2888":"c","2889":"i","2890":"e","2891":"n","2892":"t","2893":"e","2894":")","2895":" ","2896":"{","2897":"\\","2898":"r","2899":"\\","2900":"n","2901":" ","2902":" ","2903":" ","2904":" ","2905":" ","2906":" ","2907":" ","2908":" ","2909":" ","2910":" ","2911":" ","2912":" ","2913":" ","2914":" ","2915":" ","2916":" ","2917":" ","2918":" ","2919":" ","2920":" ","2921":"p","2922":"a","2923":"c","2924":"i","2925":"e","2926":"n","2927":"t","2928":"e","2929":".","2930":"v","2931":"a","2932":"l","2933":"u","2934":"e","2935":" ","2936":"=","2937":" ","2938":"f","2939":"e","2940":"t","2941":"c","2942":"h","2943":"e","2944":"d","2945":"P","2946":"a","2947":"c","2948":"i","2949":"e","2950":"n","2951":"t","2952":"e","2953":"\\","2954":"r","2955":"\\","2956":"n","2957":" ","2958":" ","2959":" ","2960":" ","2961":" ","2962":" ","2963":" ","2964":" ","2965":" ","2966":" ","2967":" ","2968":" ","2969":" ","2970":" ","2971":" ","2972":" ","2973":"}","2974":"\\","2975":"r","2976":"\\","2977":"n","2978":" ","2979":" ","2980":" ","2981":" ","2982":" ","2983":" ","2984":" ","2985":" ","2986":" ","2987":" ","2988":" ","2989":" ","2990":"}","2991":"\\","2992":"r","2993":"\\","2994":"n","2995":" ","2996":" ","2997":" ","2998":" ","2999":" ","3000":" ","3001":" ","3002":" ","3003":"}","3004":")","3005":"\\","3006":"r","3007":"\\","3008":"n","3009":" ","3010":" ","3011":" ","3012":" ","3013":" ","3014":" ","3015":" ","3016":" ","3017":"r","3018":"e","3019":"t","3020":"u","3021":"r","3022":"n","3023":" ","3024":"{","3025":"\\","3026":"r","3027":"\\","3028":"n","3029":" ","3030":" ","3031":" ","3032":" ","3033":" ","3034":" ","3035":" ","3036":" ","3037":" ","3038":" ","3039":" ","3040":" ","3041":"p","3042":"a","3043":"c","3044":"i","3045":"e","3046":"n","3047":"t","3048":"e","3049":"\\","3050":"r","3051":"\\","3052":"n","3053":" ","3054":" ","3055":" ","3056":" ","3057":" ","3058":" ","3059":" ","3060":" ","3061":"}","3062":"\\","3063":"r","3064":"\\","3065":"n","3066":" ","3067":" ","3068":" ","3069":" ","3070":"}","3071":"\\","3072":"r","3073":"\\","3074":"n","3075":"}","3076":")","3077":"\\","3078":"r","3079":"\\","3080":"n","3081":"<","3082":"/","3083":"s","3084":"c","3085":"r","3086":"i","3087":"p","3088":"t","3089":">","3090":"\\","3091":"r","3092":"\\","3093":"n","3094":"<","3095":"s","3096":"t","3097":"y","3098":"l","3099":"e","3100":" ","3101":"s","3102":"r","3103":"c","3104":"=","3105":"\\","3106":"\"","3107":".","3108":"/","3109":"P","3110":"a","3111":"c","3112":"i","3113":"e","3114":"n","3115":"t","3116":"e","3117":"D","3118":"e","3119":"t","3120":"a","3121":"i","3122":"l","3123":"V","3124":"i","3125":"e","3126":"w","3127":".","3128":"c","3129":"s","3130":"s","3131":"\\","3132":"\"","3133":" ","3134":"s","3135":"c","3136":"o","3137":"p","3138":"e","3139":"d","3140":"/","3141":">","3142":"\"","3143":"]","3144":"}"},"_coverageSchema":"1a1c01bbd47fc00a2c39e90264f33305004495a9","hash":"4e6ef6d8fdc02ea8a697d2502c63d2c3b5c074b3"}
}
